#
# A fatal error has been detected by the Java Runtime Environment:
#
#  Internal Error (generateOopMap.cpp:2170), pid=35318, tid=35326
#  fatal error: Illegal class file encountered. Try running with -Xverify:all in method DosGladiadoresJueganTodosLosTurnosSeQuiereJugarUnaVezMasEntraEnError
#
# JRE version: OpenJDK Runtime Environment (11.0.20.1+1) (build 11.0.20.1+1-post-Ubuntu-0ubuntu122.04)
# Java VM: OpenJDK 64-Bit Server VM (11.0.20.1+1-post-Ubuntu-0ubuntu122.04, mixed mode, tiered, compressed oops, g1 gc, linux-amd64)
# Core dump will be written. Default location: Core dumps may be processed with "/usr/share/apport/apport -p%p -s%s -c%c -d%d -P%P -u%u -g%g -- %E" (or dumping to /home/criss/AlgoIIIFiuba/TP2-Grupal/algo3_proyecto_base_tp2/core.35318)
#
# If you would like to submit a bug report, please visit:
#   https://bugs.launchpad.net/ubuntu/+source/openjdk-lts
#

---------------  S U M M A R Y ------------

Command Line: -agentlib:jdwp=transport=dt_socket,address=127.0.0.1:37371,suspend=y,server=n -ea -Didea.test.cyclic.buffer.size=1048576 -javaagent:/snap/intellij-idea-community/467/plugins/java/lib/rt/debugger-agent.jar --patch-module=edu.fiuba.algo3=/home/criss/AlgoIIIFiuba/TP2-Grupal/algo3_proyecto_base_tp2/target/test-classes --add-reads=edu.fiuba.algo3=ALL-UNNAMED --add-opens=edu.fiuba.algo3/TestIntegracion=ALL-UNNAMED --add-modules=edu.fiuba.algo3 -Dfile.encoding=UTF-8 --module-path=/home/criss/.m2/repository/org/openjfx/javafx-controls/15.0.1/javafx-controls-15.0.1-linux.jar:/home/criss/AlgoIIIFiuba/TP2-Grupal/algo3_proyecto_base_tp2/target/classes:/home/criss/.m2/repository/org/openjfx/javafx-graphics/15.0.1/javafx-graphics-15.0.1-linux.jar:/home/criss/.m2/repository/org/openjfx/javafx-base/15.0.1/javafx-base-15.0.1-linux.jar com.intellij.rt.junit.JUnitStarter -ideVersion5 -junit4 TestIntegracion.TestIntegracion,DosGladiadoresJueganTodosLosTurnosSeQuiereJugarUnaVezMasEntraEnError

Host: 11th Gen Intel(R) Core(TM) i7-11700 @ 2.50GHz, 16 cores, 15G, Ubuntu 22.04.3 LTS
Time: Wed Nov 22 14:59:32 2023 -03 elapsed time: 5146.759658 seconds (0d 1h 25m 46s)

---------------  T H R E A D  ---------------

Current thread (0x00007f0a88274000):  VMThread "VM Thread" [stack: 0x00007f0a608ee000,0x00007f0a609ee000] [id=35326]

Stack: [0x00007f0a608ee000,0x00007f0a609ee000],  sp=0x00007f0a609ebc10,  free space=1015k
Native frames: (J=compiled Java code, A=aot compiled Java code, j=interpreted, Vv=VM code, C=native code)
V  [libjvm.so+0xeabb9a]  VMError::report_and_die(int, char const*, char const*, __va_list_tag*, Thread*, unsigned char*, void*, void*, char const*, int, unsigned long)+0x19a
V  [libjvm.so+0x67eb04]  report_fatal(VMErrorType, char const*, int, char const*, ...)+0x104
V  [libjvm.so+0x7e3247]  GenerateOopMap::error_work(char const*, __va_list_tag*)+0xf7
V  [libjvm.so+0x7e32eb]  GenerateOopMap::report_error(char const*, ...) [clone .constprop.0]+0x8b
V  [libjvm.so+0x7e90b6]  GenerateOopMap::interp_bb(BasicBlock*)+0x1f6
V  [libjvm.so+0x7e9d51]  GenerateOopMap::do_interpretation()+0xd1
V  [libjvm.so+0x7ea023]  GenerateOopMap::compute_map(Thread*)+0x293
V  [libjvm.so+0xbe32b6]  OopMapForCacheEntry::compute_map(Thread*) [clone .part.0]+0x56
V  [libjvm.so+0xbe3f8b]  OopMapCacheEntry::fill(methodHandle const&, int)+0x1cb
V  [libjvm.so+0xbe44a9]  OopMapCache::compute_one_oop_map(methodHandle const&, int, InterpreterOopMap*)+0x69
V  [libjvm.so+0xb84b7e]  Method::mask_for(int, InterpreterOopMap*)+0xbe
V  [libjvm.so+0xa1606e]  VM_GetOrSetLocal::doit()+0x4e
V  [libjvm.so+0xeae3d3]  VM_Operation::evaluate()+0xe3
V  [libjvm.so+0xeb435c]  VMThread::evaluate_operation(VM_Operation*) [clone .constprop.0]+0xbc
V  [libjvm.so+0xeb497f]  VMThread::loop()+0x53f
V  [libjvm.so+0xeb4ce6]  VMThread::run()+0x76
V  [libjvm.so+0xe3cb00]  Thread::call_run()+0x140
V  [libjvm.so+0xbf8e1e]  thread_native_entry(Thread*)+0xee

VM_Operation (0x00007f0a2b9fe8b0): GetOrSetLocal, mode: safepoint, requested by thread 0x00007f0a88450000


---------------  P R O C E S S  ---------------

Threads class SMR info:
_java_thread_list=0x00007f0a2403c3c0, length=12, elements={
0x00007f0a8801a000, 0x00007f0a8827c000, 0x00007f0a88280000, 0x00007f0a88294800,
0x00007f0a88296800, 0x00007f0a88298800, 0x00007f0a8829a800, 0x00007f0a8829c800,
0x00007f0a882ec000, 0x00007f0a88450000, 0x00007f0a88454800, 0x00007f0a10001800
}

Java Threads: ( => current thread )
  0x00007f0a8801a000 JavaThread "main" [_thread_blocked, id=35319, stack(0x00007f0a8ff00000,0x00007f0a90000000)]
  0x00007f0a8827c000 JavaThread "Reference Handler" daemon [_thread_blocked, id=35327, stack(0x00007f0a607ec000,0x00007f0a608ec000)]
  0x00007f0a88280000 JavaThread "Finalizer" daemon [_thread_blocked, id=35328, stack(0x00007f0a606ec000,0x00007f0a607ec000)]
  0x00007f0a88294800 JavaThread "Signal Dispatcher" daemon [_thread_blocked, id=35329, stack(0x00007f0a605ec000,0x00007f0a606ec000)]
  0x00007f0a88296800 JavaThread "Service Thread" daemon [_thread_blocked, id=35330, stack(0x00007f0a604ec000,0x00007f0a605ec000)]
  0x00007f0a88298800 JavaThread "C2 CompilerThread0" daemon [_thread_blocked, id=35331, stack(0x00007f0a603ec000,0x00007f0a604ec000)]
  0x00007f0a8829a800 JavaThread "C1 CompilerThread0" daemon [_thread_blocked, id=35332, stack(0x00007f0a602ec000,0x00007f0a603ec000)]
  0x00007f0a8829c800 JavaThread "Sweeper thread" daemon [_thread_blocked, id=35333, stack(0x00007f0a601ec000,0x00007f0a602ec000)]
  0x00007f0a882ec000 JavaThread "Common-Cleaner" daemon [_thread_blocked, id=35334, stack(0x00007f0a600ec000,0x00007f0a601ec000)]
  0x00007f0a88450000 JavaThread "JDWP Transport Listener: dt_socket" daemon [_thread_blocked, id=35342, stack(0x00007f0a2b900000,0x00007f0a2ba00000)] _threads_hazard_ptr=0x00007f0a2403c3c0
  0x00007f0a88454800 JavaThread "JDWP Event Helper Thread" daemon [_thread_blocked, id=35344, stack(0x00007f0a2b800000,0x00007f0a2b900000)]
  0x00007f0a10001800 JavaThread "JDWP Command Reader" daemon [_thread_in_native, id=35346, stack(0x00007f0a2b700000,0x00007f0a2b800000)]

Other Threads:
=>0x00007f0a88274000 VMThread "VM Thread" [stack: 0x00007f0a608ee000,0x00007f0a609ee000] [id=35326]
  0x00007f0a88469000 WatcherThread [stack: 0x00007f0a2b600000,0x00007f0a2b700000] [id=35348]
  0x00007f0a88035000 GCTaskThread "GC Thread#0" [stack: 0x00007f0a8e617000,0x00007f0a8e717000] [id=35320]
  0x00007f0a88092800 ConcurrentGCThread "G1 Main Marker" [stack: 0x00007f0a87f00000,0x00007f0a88000000] [id=35321]
  0x00007f0a88094000 ConcurrentGCThread "G1 Conc#0" [stack: 0x00007f0a70500000,0x00007f0a70600000] [id=35322]
  0x00007f0a881a7000 ConcurrentGCThread "G1 Refine#0" [stack: 0x00007f0a612f2000,0x00007f0a613f2000] [id=35323]
  0x00007f0a881a9000 ConcurrentGCThread "G1 Young RemSet Sampling" [stack: 0x00007f0a611f0000,0x00007f0a612f0000] [id=35324]

Threads with active compile tasks:

VM state:at safepoint (normal execution)

VM Mutex/Monitor currently owned by a thread:  ([mutex/lock_event])
[0x00007f0a880178e0] Threads_lock - owner thread: 0x00007f0a88274000

Heap address: 0x00000006c9600000, size: 3946 MB, Compressed Oops mode: Zero based, Oop shift amount: 3
Narrow klass base: 0x0000000000000000, Narrow klass shift: 3
Compressed class space size: 1073741824 Address: 0x00000007c0000000

Heap:
 garbage-first heap   total 253952K, used 14336K [0x00000006c9600000, 0x00000007c0000000)
  region size 1024K, 15 young (15360K), 0 survivors (0K)
 Metaspace       used 9658K, capacity 9884K, committed 10240K, reserved 1058816K
  class space    used 905K, capacity 968K, committed 1024K, reserved 1048576K
Heap Regions: E=young(eden), S=young(survivor), O=old, HS=humongous(starts), HC=humongous(continues), CS=collection set, F=free, A=archive, TAMS=top-at-mark-start (previous, next)
|   0|0x00000006c9600000, 0x00000006c9600000, 0x00000006c9700000|  0%| F|  |TAMS 0x00000006c9600000, 0x00000006c9600000| Untracked 
|   1|0x00000006c9700000, 0x00000006c9700000, 0x00000006c9800000|  0%| F|  |TAMS 0x00000006c9700000, 0x00000006c9700000| Untracked 
|   2|0x00000006c9800000, 0x00000006c9800000, 0x00000006c9900000|  0%| F|  |TAMS 0x00000006c9800000, 0x00000006c9800000| Untracked 
|   3|0x00000006c9900000, 0x00000006c9900000, 0x00000006c9a00000|  0%| F|  |TAMS 0x00000006c9900000, 0x00000006c9900000| Untracked 
|   4|0x00000006c9a00000, 0x00000006c9a00000, 0x00000006c9b00000|  0%| F|  |TAMS 0x00000006c9a00000, 0x00000006c9a00000| Untracked 
|   5|0x00000006c9b00000, 0x00000006c9b00000, 0x00000006c9c00000|  0%| F|  |TAMS 0x00000006c9b00000, 0x00000006c9b00000| Untracked 
|   6|0x00000006c9c00000, 0x00000006c9c00000, 0x00000006c9d00000|  0%| F|  |TAMS 0x00000006c9c00000, 0x00000006c9c00000| Untracked 
|   7|0x00000006c9d00000, 0x00000006c9d00000, 0x00000006c9e00000|  0%| F|  |TAMS 0x00000006c9d00000, 0x00000006c9d00000| Untracked 
|   8|0x00000006c9e00000, 0x00000006c9e00000, 0x00000006c9f00000|  0%| F|  |TAMS 0x00000006c9e00000, 0x00000006c9e00000| Untracked 
|   9|0x00000006c9f00000, 0x00000006c9f00000, 0x00000006ca000000|  0%| F|  |TAMS 0x00000006c9f00000, 0x00000006c9f00000| Untracked 
|  10|0x00000006ca000000, 0x00000006ca000000, 0x00000006ca100000|  0%| F|  |TAMS 0x00000006ca000000, 0x00000006ca000000| Untracked 
|  11|0x00000006ca100000, 0x00000006ca100000, 0x00000006ca200000|  0%| F|  |TAMS 0x00000006ca100000, 0x00000006ca100000| Untracked 
|  12|0x00000006ca200000, 0x00000006ca200000, 0x00000006ca300000|  0%| F|  |TAMS 0x00000006ca200000, 0x00000006ca200000| Untracked 
|  13|0x00000006ca300000, 0x00000006ca300000, 0x00000006ca400000|  0%| F|  |TAMS 0x00000006ca300000, 0x00000006ca300000| Untracked 
|  14|0x00000006ca400000, 0x00000006ca400000, 0x00000006ca500000|  0%| F|  |TAMS 0x00000006ca400000, 0x00000006ca400000| Untracked 
|  15|0x00000006ca500000, 0x00000006ca500000, 0x00000006ca600000|  0%| F|  |TAMS 0x00000006ca500000, 0x00000006ca500000| Untracked 
|  16|0x00000006ca600000, 0x00000006ca600000, 0x00000006ca700000|  0%| F|  |TAMS 0x00000006ca600000, 0x00000006ca600000| Untracked 
|  17|0x00000006ca700000, 0x00000006ca700000, 0x00000006ca800000|  0%| F|  |TAMS 0x00000006ca700000, 0x00000006ca700000| Untracked 
|  18|0x00000006ca800000, 0x00000006ca800000, 0x00000006ca900000|  0%| F|  |TAMS 0x00000006ca800000, 0x00000006ca800000| Untracked 
|  19|0x00000006ca900000, 0x00000006ca900000, 0x00000006caa00000|  0%| F|  |TAMS 0x00000006ca900000, 0x00000006ca900000| Untracked 
|  20|0x00000006caa00000, 0x00000006caa00000, 0x00000006cab00000|  0%| F|  |TAMS 0x00000006caa00000, 0x00000006caa00000| Untracked 
|  21|0x00000006cab00000, 0x00000006cab00000, 0x00000006cac00000|  0%| F|  |TAMS 0x00000006cab00000, 0x00000006cab00000| Untracked 
|  22|0x00000006cac00000, 0x00000006cac00000, 0x00000006cad00000|  0%| F|  |TAMS 0x00000006cac00000, 0x00000006cac00000| Untracked 
|  23|0x00000006cad00000, 0x00000006cad00000, 0x00000006cae00000|  0%| F|  |TAMS 0x00000006cad00000, 0x00000006cad00000| Untracked 
|  24|0x00000006cae00000, 0x00000006cae00000, 0x00000006caf00000|  0%| F|  |TAMS 0x00000006cae00000, 0x00000006cae00000| Untracked 
|  25|0x00000006caf00000, 0x00000006caf00000, 0x00000006cb000000|  0%| F|  |TAMS 0x00000006caf00000, 0x00000006caf00000| Untracked 
|  26|0x00000006cb000000, 0x00000006cb000000, 0x00000006cb100000|  0%| F|  |TAMS 0x00000006cb000000, 0x00000006cb000000| Untracked 
|  27|0x00000006cb100000, 0x00000006cb100000, 0x00000006cb200000|  0%| F|  |TAMS 0x00000006cb100000, 0x00000006cb100000| Untracked 
|  28|0x00000006cb200000, 0x00000006cb200000, 0x00000006cb300000|  0%| F|  |TAMS 0x00000006cb200000, 0x00000006cb200000| Untracked 
|  29|0x00000006cb300000, 0x00000006cb300000, 0x00000006cb400000|  0%| F|  |TAMS 0x00000006cb300000, 0x00000006cb300000| Untracked 
|  30|0x00000006cb400000, 0x00000006cb400000, 0x00000006cb500000|  0%| F|  |TAMS 0x00000006cb400000, 0x00000006cb400000| Untracked 
|  31|0x00000006cb500000, 0x00000006cb500000, 0x00000006cb600000|  0%| F|  |TAMS 0x00000006cb500000, 0x00000006cb500000| Untracked 
|  32|0x00000006cb600000, 0x00000006cb600000, 0x00000006cb700000|  0%| F|  |TAMS 0x00000006cb600000, 0x00000006cb600000| Untracked 
|  33|0x00000006cb700000, 0x00000006cb700000, 0x00000006cb800000|  0%| F|  |TAMS 0x00000006cb700000, 0x00000006cb700000| Untracked 
|  34|0x00000006cb800000, 0x00000006cb800000, 0x00000006cb900000|  0%| F|  |TAMS 0x00000006cb800000, 0x00000006cb800000| Untracked 
|  35|0x00000006cb900000, 0x00000006cb900000, 0x00000006cba00000|  0%| F|  |TAMS 0x00000006cb900000, 0x00000006cb900000| Untracked 
|  36|0x00000006cba00000, 0x00000006cba00000, 0x00000006cbb00000|  0%| F|  |TAMS 0x00000006cba00000, 0x00000006cba00000| Untracked 
|  37|0x00000006cbb00000, 0x00000006cbb00000, 0x00000006cbc00000|  0%| F|  |TAMS 0x00000006cbb00000, 0x00000006cbb00000| Untracked 
|  38|0x00000006cbc00000, 0x00000006cbc00000, 0x00000006cbd00000|  0%| F|  |TAMS 0x00000006cbc00000, 0x00000006cbc00000| Untracked 
|  39|0x00000006cbd00000, 0x00000006cbd00000, 0x00000006cbe00000|  0%| F|  |TAMS 0x00000006cbd00000, 0x00000006cbd00000| Untracked 
|  40|0x00000006cbe00000, 0x00000006cbe00000, 0x00000006cbf00000|  0%| F|  |TAMS 0x00000006cbe00000, 0x00000006cbe00000| Untracked 
|  41|0x00000006cbf00000, 0x00000006cbf00000, 0x00000006cc000000|  0%| F|  |TAMS 0x00000006cbf00000, 0x00000006cbf00000| Untracked 
|  42|0x00000006cc000000, 0x00000006cc000000, 0x00000006cc100000|  0%| F|  |TAMS 0x00000006cc000000, 0x00000006cc000000| Untracked 
|  43|0x00000006cc100000, 0x00000006cc100000, 0x00000006cc200000|  0%| F|  |TAMS 0x00000006cc100000, 0x00000006cc100000| Untracked 
|  44|0x00000006cc200000, 0x00000006cc200000, 0x00000006cc300000|  0%| F|  |TAMS 0x00000006cc200000, 0x00000006cc200000| Untracked 
|  45|0x00000006cc300000, 0x00000006cc300000, 0x00000006cc400000|  0%| F|  |TAMS 0x00000006cc300000, 0x00000006cc300000| Untracked 
|  46|0x00000006cc400000, 0x00000006cc400000, 0x00000006cc500000|  0%| F|  |TAMS 0x00000006cc400000, 0x00000006cc400000| Untracked 
|  47|0x00000006cc500000, 0x00000006cc500000, 0x00000006cc600000|  0%| F|  |TAMS 0x00000006cc500000, 0x00000006cc500000| Untracked 
|  48|0x00000006cc600000, 0x00000006cc600000, 0x00000006cc700000|  0%| F|  |TAMS 0x00000006cc600000, 0x00000006cc600000| Untracked 
|  49|0x00000006cc700000, 0x00000006cc700000, 0x00000006cc800000|  0%| F|  |TAMS 0x00000006cc700000, 0x00000006cc700000| Untracked 
|  50|0x00000006cc800000, 0x00000006cc800000, 0x00000006cc900000|  0%| F|  |TAMS 0x00000006cc800000, 0x00000006cc800000| Untracked 
|  51|0x00000006cc900000, 0x00000006cc900000, 0x00000006cca00000|  0%| F|  |TAMS 0x00000006cc900000, 0x00000006cc900000| Untracked 
|  52|0x00000006cca00000, 0x00000006cca00000, 0x00000006ccb00000|  0%| F|  |TAMS 0x00000006cca00000, 0x00000006cca00000| Untracked 
|  53|0x00000006ccb00000, 0x00000006ccb00000, 0x00000006ccc00000|  0%| F|  |TAMS 0x00000006ccb00000, 0x00000006ccb00000| Untracked 
|  54|0x00000006ccc00000, 0x00000006ccc00000, 0x00000006ccd00000|  0%| F|  |TAMS 0x00000006ccc00000, 0x00000006ccc00000| Untracked 
|  55|0x00000006ccd00000, 0x00000006ccd00000, 0x00000006cce00000|  0%| F|  |TAMS 0x00000006ccd00000, 0x00000006ccd00000| Untracked 
|  56|0x00000006cce00000, 0x00000006cce00000, 0x00000006ccf00000|  0%| F|  |TAMS 0x00000006cce00000, 0x00000006cce00000| Untracked 
|  57|0x00000006ccf00000, 0x00000006ccf00000, 0x00000006cd000000|  0%| F|  |TAMS 0x00000006ccf00000, 0x00000006ccf00000| Untracked 
|  58|0x00000006cd000000, 0x00000006cd000000, 0x00000006cd100000|  0%| F|  |TAMS 0x00000006cd000000, 0x00000006cd000000| Untracked 
|  59|0x00000006cd100000, 0x00000006cd100000, 0x00000006cd200000|  0%| F|  |TAMS 0x00000006cd100000, 0x00000006cd100000| Untracked 
|  60|0x00000006cd200000, 0x00000006cd200000, 0x00000006cd300000|  0%| F|  |TAMS 0x00000006cd200000, 0x00000006cd200000| Untracked 
|  61|0x00000006cd300000, 0x00000006cd300000, 0x00000006cd400000|  0%| F|  |TAMS 0x00000006cd300000, 0x00000006cd300000| Untracked 
|  62|0x00000006cd400000, 0x00000006cd400000, 0x00000006cd500000|  0%| F|  |TAMS 0x00000006cd400000, 0x00000006cd400000| Untracked 
|  63|0x00000006cd500000, 0x00000006cd500000, 0x00000006cd600000|  0%| F|  |TAMS 0x00000006cd500000, 0x00000006cd500000| Untracked 
|  64|0x00000006cd600000, 0x00000006cd600000, 0x00000006cd700000|  0%| F|  |TAMS 0x00000006cd600000, 0x00000006cd600000| Untracked 
|  65|0x00000006cd700000, 0x00000006cd700000, 0x00000006cd800000|  0%| F|  |TAMS 0x00000006cd700000, 0x00000006cd700000| Untracked 
|  66|0x00000006cd800000, 0x00000006cd800000, 0x00000006cd900000|  0%| F|  |TAMS 0x00000006cd800000, 0x00000006cd800000| Untracked 
|  67|0x00000006cd900000, 0x00000006cd900000, 0x00000006cda00000|  0%| F|  |TAMS 0x00000006cd900000, 0x00000006cd900000| Untracked 
|  68|0x00000006cda00000, 0x00000006cda00000, 0x00000006cdb00000|  0%| F|  |TAMS 0x00000006cda00000, 0x00000006cda00000| Untracked 
|  69|0x00000006cdb00000, 0x00000006cdb00000, 0x00000006cdc00000|  0%| F|  |TAMS 0x00000006cdb00000, 0x00000006cdb00000| Untracked 
|  70|0x00000006cdc00000, 0x00000006cdc00000, 0x00000006cdd00000|  0%| F|  |TAMS 0x00000006cdc00000, 0x00000006cdc00000| Untracked 
|  71|0x00000006cdd00000, 0x00000006cdd00000, 0x00000006cde00000|  0%| F|  |TAMS 0x00000006cdd00000, 0x00000006cdd00000| Untracked 
|  72|0x00000006cde00000, 0x00000006cde00000, 0x00000006cdf00000|  0%| F|  |TAMS 0x00000006cde00000, 0x00000006cde00000| Untracked 
|  73|0x00000006cdf00000, 0x00000006cdf00000, 0x00000006ce000000|  0%| F|  |TAMS 0x00000006cdf00000, 0x00000006cdf00000| Untracked 
|  74|0x00000006ce000000, 0x00000006ce000000, 0x00000006ce100000|  0%| F|  |TAMS 0x00000006ce000000, 0x00000006ce000000| Untracked 
|  75|0x00000006ce100000, 0x00000006ce100000, 0x00000006ce200000|  0%| F|  |TAMS 0x00000006ce100000, 0x00000006ce100000| Untracked 
|  76|0x00000006ce200000, 0x00000006ce200000, 0x00000006ce300000|  0%| F|  |TAMS 0x00000006ce200000, 0x00000006ce200000| Untracked 
|  77|0x00000006ce300000, 0x00000006ce300000, 0x00000006ce400000|  0%| F|  |TAMS 0x00000006ce300000, 0x00000006ce300000| Untracked 
|  78|0x00000006ce400000, 0x00000006ce400000, 0x00000006ce500000|  0%| F|  |TAMS 0x00000006ce400000, 0x00000006ce400000| Untracked 
|  79|0x00000006ce500000, 0x00000006ce500000, 0x00000006ce600000|  0%| F|  |TAMS 0x00000006ce500000, 0x00000006ce500000| Untracked 
|  80|0x00000006ce600000, 0x00000006ce600000, 0x00000006ce700000|  0%| F|  |TAMS 0x00000006ce600000, 0x00000006ce600000| Untracked 
|  81|0x00000006ce700000, 0x00000006ce700000, 0x00000006ce800000|  0%| F|  |TAMS 0x00000006ce700000, 0x00000006ce700000| Untracked 
|  82|0x00000006ce800000, 0x00000006ce800000, 0x00000006ce900000|  0%| F|  |TAMS 0x00000006ce800000, 0x00000006ce800000| Untracked 
|  83|0x00000006ce900000, 0x00000006ce900000, 0x00000006cea00000|  0%| F|  |TAMS 0x00000006ce900000, 0x00000006ce900000| Untracked 
|  84|0x00000006cea00000, 0x00000006cea00000, 0x00000006ceb00000|  0%| F|  |TAMS 0x00000006cea00000, 0x00000006cea00000| Untracked 
|  85|0x00000006ceb00000, 0x00000006ceb00000, 0x00000006cec00000|  0%| F|  |TAMS 0x00000006ceb00000, 0x00000006ceb00000| Untracked 
|  86|0x00000006cec00000, 0x00000006cec00000, 0x00000006ced00000|  0%| F|  |TAMS 0x00000006cec00000, 0x00000006cec00000| Untracked 
|  87|0x00000006ced00000, 0x00000006ced00000, 0x00000006cee00000|  0%| F|  |TAMS 0x00000006ced00000, 0x00000006ced00000| Untracked 
|  88|0x00000006cee00000, 0x00000006cee00000, 0x00000006cef00000|  0%| F|  |TAMS 0x00000006cee00000, 0x00000006cee00000| Untracked 
|  89|0x00000006cef00000, 0x00000006cef00000, 0x00000006cf000000|  0%| F|  |TAMS 0x00000006cef00000, 0x00000006cef00000| Untracked 
|  90|0x00000006cf000000, 0x00000006cf000000, 0x00000006cf100000|  0%| F|  |TAMS 0x00000006cf000000, 0x00000006cf000000| Untracked 
|  91|0x00000006cf100000, 0x00000006cf100000, 0x00000006cf200000|  0%| F|  |TAMS 0x00000006cf100000, 0x00000006cf100000| Untracked 
|  92|0x00000006cf200000, 0x00000006cf200000, 0x00000006cf300000|  0%| F|  |TAMS 0x00000006cf200000, 0x00000006cf200000| Untracked 
|  93|0x00000006cf300000, 0x00000006cf300000, 0x00000006cf400000|  0%| F|  |TAMS 0x00000006cf300000, 0x00000006cf300000| Untracked 
|  94|0x00000006cf400000, 0x00000006cf400000, 0x00000006cf500000|  0%| F|  |TAMS 0x00000006cf400000, 0x00000006cf400000| Untracked 
|  95|0x00000006cf500000, 0x00000006cf500000, 0x00000006cf600000|  0%| F|  |TAMS 0x00000006cf500000, 0x00000006cf500000| Untracked 
|  96|0x00000006cf600000, 0x00000006cf600000, 0x00000006cf700000|  0%| F|  |TAMS 0x00000006cf600000, 0x00000006cf600000| Untracked 
|  97|0x00000006cf700000, 0x00000006cf700000, 0x00000006cf800000|  0%| F|  |TAMS 0x00000006cf700000, 0x00000006cf700000| Untracked 
|  98|0x00000006cf800000, 0x00000006cf800000, 0x00000006cf900000|  0%| F|  |TAMS 0x00000006cf800000, 0x00000006cf800000| Untracked 
|  99|0x00000006cf900000, 0x00000006cf900000, 0x00000006cfa00000|  0%| F|  |TAMS 0x00000006cf900000, 0x00000006cf900000| Untracked 
| 100|0x00000006cfa00000, 0x00000006cfa00000, 0x00000006cfb00000|  0%| F|  |TAMS 0x00000006cfa00000, 0x00000006cfa00000| Untracked 
| 101|0x00000006cfb00000, 0x00000006cfb00000, 0x00000006cfc00000|  0%| F|  |TAMS 0x00000006cfb00000, 0x00000006cfb00000| Untracked 
| 102|0x00000006cfc00000, 0x00000006cfc00000, 0x00000006cfd00000|  0%| F|  |TAMS 0x00000006cfc00000, 0x00000006cfc00000| Untracked 
| 103|0x00000006cfd00000, 0x00000006cfd00000, 0x00000006cfe00000|  0%| F|  |TAMS 0x00000006cfd00000, 0x00000006cfd00000| Untracked 
| 104|0x00000006cfe00000, 0x00000006cfe00000, 0x00000006cff00000|  0%| F|  |TAMS 0x00000006cfe00000, 0x00000006cfe00000| Untracked 
| 105|0x00000006cff00000, 0x00000006cff00000, 0x00000006d0000000|  0%| F|  |TAMS 0x00000006cff00000, 0x00000006cff00000| Untracked 
| 106|0x00000006d0000000, 0x00000006d0000000, 0x00000006d0100000|  0%| F|  |TAMS 0x00000006d0000000, 0x00000006d0000000| Untracked 
| 107|0x00000006d0100000, 0x00000006d0100000, 0x00000006d0200000|  0%| F|  |TAMS 0x00000006d0100000, 0x00000006d0100000| Untracked 
| 108|0x00000006d0200000, 0x00000006d0200000, 0x00000006d0300000|  0%| F|  |TAMS 0x00000006d0200000, 0x00000006d0200000| Untracked 
| 109|0x00000006d0300000, 0x00000006d0300000, 0x00000006d0400000|  0%| F|  |TAMS 0x00000006d0300000, 0x00000006d0300000| Untracked 
| 110|0x00000006d0400000, 0x00000006d0400000, 0x00000006d0500000|  0%| F|  |TAMS 0x00000006d0400000, 0x00000006d0400000| Untracked 
| 111|0x00000006d0500000, 0x00000006d0500000, 0x00000006d0600000|  0%| F|  |TAMS 0x00000006d0500000, 0x00000006d0500000| Untracked 
| 112|0x00000006d0600000, 0x00000006d0600000, 0x00000006d0700000|  0%| F|  |TAMS 0x00000006d0600000, 0x00000006d0600000| Untracked 
| 113|0x00000006d0700000, 0x00000006d0700000, 0x00000006d0800000|  0%| F|  |TAMS 0x00000006d0700000, 0x00000006d0700000| Untracked 
| 114|0x00000006d0800000, 0x00000006d0800000, 0x00000006d0900000|  0%| F|  |TAMS 0x00000006d0800000, 0x00000006d0800000| Untracked 
| 115|0x00000006d0900000, 0x00000006d0900000, 0x00000006d0a00000|  0%| F|  |TAMS 0x00000006d0900000, 0x00000006d0900000| Untracked 
| 116|0x00000006d0a00000, 0x00000006d0a00000, 0x00000006d0b00000|  0%| F|  |TAMS 0x00000006d0a00000, 0x00000006d0a00000| Untracked 
| 117|0x00000006d0b00000, 0x00000006d0b00000, 0x00000006d0c00000|  0%| F|  |TAMS 0x00000006d0b00000, 0x00000006d0b00000| Untracked 
| 118|0x00000006d0c00000, 0x00000006d0c00000, 0x00000006d0d00000|  0%| F|  |TAMS 0x00000006d0c00000, 0x00000006d0c00000| Untracked 
| 119|0x00000006d0d00000, 0x00000006d0d00000, 0x00000006d0e00000|  0%| F|  |TAMS 0x00000006d0d00000, 0x00000006d0d00000| Untracked 
| 120|0x00000006d0e00000, 0x00000006d0e00000, 0x00000006d0f00000|  0%| F|  |TAMS 0x00000006d0e00000, 0x00000006d0e00000| Untracked 
| 121|0x00000006d0f00000, 0x00000006d0f00000, 0x00000006d1000000|  0%| F|  |TAMS 0x00000006d0f00000, 0x00000006d0f00000| Untracked 
| 122|0x00000006d1000000, 0x00000006d1000000, 0x00000006d1100000|  0%| F|  |TAMS 0x00000006d1000000, 0x00000006d1000000| Untracked 
| 123|0x00000006d1100000, 0x00000006d1100000, 0x00000006d1200000|  0%| F|  |TAMS 0x00000006d1100000, 0x00000006d1100000| Untracked 
| 124|0x00000006d1200000, 0x00000006d1200000, 0x00000006d1300000|  0%| F|  |TAMS 0x00000006d1200000, 0x00000006d1200000| Untracked 
| 125|0x00000006d1300000, 0x00000006d1300000, 0x00000006d1400000|  0%| F|  |TAMS 0x00000006d1300000, 0x00000006d1300000| Untracked 
| 126|0x00000006d1400000, 0x00000006d1400000, 0x00000006d1500000|  0%| F|  |TAMS 0x00000006d1400000, 0x00000006d1400000| Untracked 
| 127|0x00000006d1500000, 0x00000006d1500000, 0x00000006d1600000|  0%| F|  |TAMS 0x00000006d1500000, 0x00000006d1500000| Untracked 
| 128|0x00000006d1600000, 0x00000006d1600000, 0x00000006d1700000|  0%| F|  |TAMS 0x00000006d1600000, 0x00000006d1600000| Untracked 
| 129|0x00000006d1700000, 0x00000006d1700000, 0x00000006d1800000|  0%| F|  |TAMS 0x00000006d1700000, 0x00000006d1700000| Untracked 
| 130|0x00000006d1800000, 0x00000006d1800000, 0x00000006d1900000|  0%| F|  |TAMS 0x00000006d1800000, 0x00000006d1800000| Untracked 
| 131|0x00000006d1900000, 0x00000006d1900000, 0x00000006d1a00000|  0%| F|  |TAMS 0x00000006d1900000, 0x00000006d1900000| Untracked 
| 132|0x00000006d1a00000, 0x00000006d1a00000, 0x00000006d1b00000|  0%| F|  |TAMS 0x00000006d1a00000, 0x00000006d1a00000| Untracked 
| 133|0x00000006d1b00000, 0x00000006d1b00000, 0x00000006d1c00000|  0%| F|  |TAMS 0x00000006d1b00000, 0x00000006d1b00000| Untracked 
| 134|0x00000006d1c00000, 0x00000006d1c00000, 0x00000006d1d00000|  0%| F|  |TAMS 0x00000006d1c00000, 0x00000006d1c00000| Untracked 
| 135|0x00000006d1d00000, 0x00000006d1d00000, 0x00000006d1e00000|  0%| F|  |TAMS 0x00000006d1d00000, 0x00000006d1d00000| Untracked 
| 136|0x00000006d1e00000, 0x00000006d1e00000, 0x00000006d1f00000|  0%| F|  |TAMS 0x00000006d1e00000, 0x00000006d1e00000| Untracked 
| 137|0x00000006d1f00000, 0x00000006d1f00000, 0x00000006d2000000|  0%| F|  |TAMS 0x00000006d1f00000, 0x00000006d1f00000| Untracked 
| 138|0x00000006d2000000, 0x00000006d2000000, 0x00000006d2100000|  0%| F|  |TAMS 0x00000006d2000000, 0x00000006d2000000| Untracked 
| 139|0x00000006d2100000, 0x00000006d2100000, 0x00000006d2200000|  0%| F|  |TAMS 0x00000006d2100000, 0x00000006d2100000| Untracked 
| 140|0x00000006d2200000, 0x00000006d2200000, 0x00000006d2300000|  0%| F|  |TAMS 0x00000006d2200000, 0x00000006d2200000| Untracked 
| 141|0x00000006d2300000, 0x00000006d2300000, 0x00000006d2400000|  0%| F|  |TAMS 0x00000006d2300000, 0x00000006d2300000| Untracked 
| 142|0x00000006d2400000, 0x00000006d2400000, 0x00000006d2500000|  0%| F|  |TAMS 0x00000006d2400000, 0x00000006d2400000| Untracked 
| 143|0x00000006d2500000, 0x00000006d2500000, 0x00000006d2600000|  0%| F|  |TAMS 0x00000006d2500000, 0x00000006d2500000| Untracked 
| 144|0x00000006d2600000, 0x00000006d2600000, 0x00000006d2700000|  0%| F|  |TAMS 0x00000006d2600000, 0x00000006d2600000| Untracked 
| 145|0x00000006d2700000, 0x00000006d2700000, 0x00000006d2800000|  0%| F|  |TAMS 0x00000006d2700000, 0x00000006d2700000| Untracked 
| 146|0x00000006d2800000, 0x00000006d2800000, 0x00000006d2900000|  0%| F|  |TAMS 0x00000006d2800000, 0x00000006d2800000| Untracked 
| 147|0x00000006d2900000, 0x00000006d2900000, 0x00000006d2a00000|  0%| F|  |TAMS 0x00000006d2900000, 0x00000006d2900000| Untracked 
| 148|0x00000006d2a00000, 0x00000006d2a00000, 0x00000006d2b00000|  0%| F|  |TAMS 0x00000006d2a00000, 0x00000006d2a00000| Untracked 
| 149|0x00000006d2b00000, 0x00000006d2b00000, 0x00000006d2c00000|  0%| F|  |TAMS 0x00000006d2b00000, 0x00000006d2b00000| Untracked 
| 150|0x00000006d2c00000, 0x00000006d2c00000, 0x00000006d2d00000|  0%| F|  |TAMS 0x00000006d2c00000, 0x00000006d2c00000| Untracked 
| 151|0x00000006d2d00000, 0x00000006d2d00000, 0x00000006d2e00000|  0%| F|  |TAMS 0x00000006d2d00000, 0x00000006d2d00000| Untracked 
| 152|0x00000006d2e00000, 0x00000006d2e00000, 0x00000006d2f00000|  0%| F|  |TAMS 0x00000006d2e00000, 0x00000006d2e00000| Untracked 
| 153|0x00000006d2f00000, 0x00000006d2f00000, 0x00000006d3000000|  0%| F|  |TAMS 0x00000006d2f00000, 0x00000006d2f00000| Untracked 
| 154|0x00000006d3000000, 0x00000006d3000000, 0x00000006d3100000|  0%| F|  |TAMS 0x00000006d3000000, 0x00000006d3000000| Untracked 
| 155|0x00000006d3100000, 0x00000006d3100000, 0x00000006d3200000|  0%| F|  |TAMS 0x00000006d3100000, 0x00000006d3100000| Untracked 
| 156|0x00000006d3200000, 0x00000006d3200000, 0x00000006d3300000|  0%| F|  |TAMS 0x00000006d3200000, 0x00000006d3200000| Untracked 
| 157|0x00000006d3300000, 0x00000006d3300000, 0x00000006d3400000|  0%| F|  |TAMS 0x00000006d3300000, 0x00000006d3300000| Untracked 
| 158|0x00000006d3400000, 0x00000006d3400000, 0x00000006d3500000|  0%| F|  |TAMS 0x00000006d3400000, 0x00000006d3400000| Untracked 
| 159|0x00000006d3500000, 0x00000006d3500000, 0x00000006d3600000|  0%| F|  |TAMS 0x00000006d3500000, 0x00000006d3500000| Untracked 
| 160|0x00000006d3600000, 0x00000006d3600000, 0x00000006d3700000|  0%| F|  |TAMS 0x00000006d3600000, 0x00000006d3600000| Untracked 
| 161|0x00000006d3700000, 0x00000006d3700000, 0x00000006d3800000|  0%| F|  |TAMS 0x00000006d3700000, 0x00000006d3700000| Untracked 
| 162|0x00000006d3800000, 0x00000006d3800000, 0x00000006d3900000|  0%| F|  |TAMS 0x00000006d3800000, 0x00000006d3800000| Untracked 
| 163|0x00000006d3900000, 0x00000006d3900000, 0x00000006d3a00000|  0%| F|  |TAMS 0x00000006d3900000, 0x00000006d3900000| Untracked 
| 164|0x00000006d3a00000, 0x00000006d3a00000, 0x00000006d3b00000|  0%| F|  |TAMS 0x00000006d3a00000, 0x00000006d3a00000| Untracked 
| 165|0x00000006d3b00000, 0x00000006d3b00000, 0x00000006d3c00000|  0%| F|  |TAMS 0x00000006d3b00000, 0x00000006d3b00000| Untracked 
| 166|0x00000006d3c00000, 0x00000006d3c00000, 0x00000006d3d00000|  0%| F|  |TAMS 0x00000006d3c00000, 0x00000006d3c00000| Untracked 
| 167|0x00000006d3d00000, 0x00000006d3d00000, 0x00000006d3e00000|  0%| F|  |TAMS 0x00000006d3d00000, 0x00000006d3d00000| Untracked 
| 168|0x00000006d3e00000, 0x00000006d3e00000, 0x00000006d3f00000|  0%| F|  |TAMS 0x00000006d3e00000, 0x00000006d3e00000| Untracked 
| 169|0x00000006d3f00000, 0x00000006d3f00000, 0x00000006d4000000|  0%| F|  |TAMS 0x00000006d3f00000, 0x00000006d3f00000| Untracked 
| 170|0x00000006d4000000, 0x00000006d4000000, 0x00000006d4100000|  0%| F|  |TAMS 0x00000006d4000000, 0x00000006d4000000| Untracked 
| 171|0x00000006d4100000, 0x00000006d4100000, 0x00000006d4200000|  0%| F|  |TAMS 0x00000006d4100000, 0x00000006d4100000| Untracked 
| 172|0x00000006d4200000, 0x00000006d4200000, 0x00000006d4300000|  0%| F|  |TAMS 0x00000006d4200000, 0x00000006d4200000| Untracked 
| 173|0x00000006d4300000, 0x00000006d4300000, 0x00000006d4400000|  0%| F|  |TAMS 0x00000006d4300000, 0x00000006d4300000| Untracked 
| 174|0x00000006d4400000, 0x00000006d4400000, 0x00000006d4500000|  0%| F|  |TAMS 0x00000006d4400000, 0x00000006d4400000| Untracked 
| 175|0x00000006d4500000, 0x00000006d4500000, 0x00000006d4600000|  0%| F|  |TAMS 0x00000006d4500000, 0x00000006d4500000| Untracked 
| 176|0x00000006d4600000, 0x00000006d4600000, 0x00000006d4700000|  0%| F|  |TAMS 0x00000006d4600000, 0x00000006d4600000| Untracked 
| 177|0x00000006d4700000, 0x00000006d4700000, 0x00000006d4800000|  0%| F|  |TAMS 0x00000006d4700000, 0x00000006d4700000| Untracked 
| 178|0x00000006d4800000, 0x00000006d4800000, 0x00000006d4900000|  0%| F|  |TAMS 0x00000006d4800000, 0x00000006d4800000| Untracked 
| 179|0x00000006d4900000, 0x00000006d4900000, 0x00000006d4a00000|  0%| F|  |TAMS 0x00000006d4900000, 0x00000006d4900000| Untracked 
| 180|0x00000006d4a00000, 0x00000006d4a00000, 0x00000006d4b00000|  0%| F|  |TAMS 0x00000006d4a00000, 0x00000006d4a00000| Untracked 
| 181|0x00000006d4b00000, 0x00000006d4b00000, 0x00000006d4c00000|  0%| F|  |TAMS 0x00000006d4b00000, 0x00000006d4b00000| Untracked 
| 182|0x00000006d4c00000, 0x00000006d4c00000, 0x00000006d4d00000|  0%| F|  |TAMS 0x00000006d4c00000, 0x00000006d4c00000| Untracked 
| 183|0x00000006d4d00000, 0x00000006d4d00000, 0x00000006d4e00000|  0%| F|  |TAMS 0x00000006d4d00000, 0x00000006d4d00000| Untracked 
| 184|0x00000006d4e00000, 0x00000006d4e00000, 0x00000006d4f00000|  0%| F|  |TAMS 0x00000006d4e00000, 0x00000006d4e00000| Untracked 
| 185|0x00000006d4f00000, 0x00000006d4f00000, 0x00000006d5000000|  0%| F|  |TAMS 0x00000006d4f00000, 0x00000006d4f00000| Untracked 
| 186|0x00000006d5000000, 0x00000006d5000000, 0x00000006d5100000|  0%| F|  |TAMS 0x00000006d5000000, 0x00000006d5000000| Untracked 
| 187|0x00000006d5100000, 0x00000006d5100000, 0x00000006d5200000|  0%| F|  |TAMS 0x00000006d5100000, 0x00000006d5100000| Untracked 
| 188|0x00000006d5200000, 0x00000006d5200000, 0x00000006d5300000|  0%| F|  |TAMS 0x00000006d5200000, 0x00000006d5200000| Untracked 
| 189|0x00000006d5300000, 0x00000006d5300000, 0x00000006d5400000|  0%| F|  |TAMS 0x00000006d5300000, 0x00000006d5300000| Untracked 
| 190|0x00000006d5400000, 0x00000006d5400000, 0x00000006d5500000|  0%| F|  |TAMS 0x00000006d5400000, 0x00000006d5400000| Untracked 
| 191|0x00000006d5500000, 0x00000006d5500000, 0x00000006d5600000|  0%| F|  |TAMS 0x00000006d5500000, 0x00000006d5500000| Untracked 
| 192|0x00000006d5600000, 0x00000006d5600000, 0x00000006d5700000|  0%| F|  |TAMS 0x00000006d5600000, 0x00000006d5600000| Untracked 
| 193|0x00000006d5700000, 0x00000006d5700000, 0x00000006d5800000|  0%| F|  |TAMS 0x00000006d5700000, 0x00000006d5700000| Untracked 
| 194|0x00000006d5800000, 0x00000006d5800000, 0x00000006d5900000|  0%| F|  |TAMS 0x00000006d5800000, 0x00000006d5800000| Untracked 
| 195|0x00000006d5900000, 0x00000006d5900000, 0x00000006d5a00000|  0%| F|  |TAMS 0x00000006d5900000, 0x00000006d5900000| Untracked 
| 196|0x00000006d5a00000, 0x00000006d5a00000, 0x00000006d5b00000|  0%| F|  |TAMS 0x00000006d5a00000, 0x00000006d5a00000| Untracked 
| 197|0x00000006d5b00000, 0x00000006d5b00000, 0x00000006d5c00000|  0%| F|  |TAMS 0x00000006d5b00000, 0x00000006d5b00000| Untracked 
| 198|0x00000006d5c00000, 0x00000006d5c00000, 0x00000006d5d00000|  0%| F|  |TAMS 0x00000006d5c00000, 0x00000006d5c00000| Untracked 
| 199|0x00000006d5d00000, 0x00000006d5d00000, 0x00000006d5e00000|  0%| F|  |TAMS 0x00000006d5d00000, 0x00000006d5d00000| Untracked 
| 200|0x00000006d5e00000, 0x00000006d5e00000, 0x00000006d5f00000|  0%| F|  |TAMS 0x00000006d5e00000, 0x00000006d5e00000| Untracked 
| 201|0x00000006d5f00000, 0x00000006d5f00000, 0x00000006d6000000|  0%| F|  |TAMS 0x00000006d5f00000, 0x00000006d5f00000| Untracked 
| 202|0x00000006d6000000, 0x00000006d6000000, 0x00000006d6100000|  0%| F|  |TAMS 0x00000006d6000000, 0x00000006d6000000| Untracked 
| 203|0x00000006d6100000, 0x00000006d6100000, 0x00000006d6200000|  0%| F|  |TAMS 0x00000006d6100000, 0x00000006d6100000| Untracked 
| 204|0x00000006d6200000, 0x00000006d6200000, 0x00000006d6300000|  0%| F|  |TAMS 0x00000006d6200000, 0x00000006d6200000| Untracked 
| 205|0x00000006d6300000, 0x00000006d6300000, 0x00000006d6400000|  0%| F|  |TAMS 0x00000006d6300000, 0x00000006d6300000| Untracked 
| 206|0x00000006d6400000, 0x00000006d6400000, 0x00000006d6500000|  0%| F|  |TAMS 0x00000006d6400000, 0x00000006d6400000| Untracked 
| 207|0x00000006d6500000, 0x00000006d6500000, 0x00000006d6600000|  0%| F|  |TAMS 0x00000006d6500000, 0x00000006d6500000| Untracked 
| 208|0x00000006d6600000, 0x00000006d6600000, 0x00000006d6700000|  0%| F|  |TAMS 0x00000006d6600000, 0x00000006d6600000| Untracked 
| 209|0x00000006d6700000, 0x00000006d6700000, 0x00000006d6800000|  0%| F|  |TAMS 0x00000006d6700000, 0x00000006d6700000| Untracked 
| 210|0x00000006d6800000, 0x00000006d6800000, 0x00000006d6900000|  0%| F|  |TAMS 0x00000006d6800000, 0x00000006d6800000| Untracked 
| 211|0x00000006d6900000, 0x00000006d6900000, 0x00000006d6a00000|  0%| F|  |TAMS 0x00000006d6900000, 0x00000006d6900000| Untracked 
| 212|0x00000006d6a00000, 0x00000006d6a00000, 0x00000006d6b00000|  0%| F|  |TAMS 0x00000006d6a00000, 0x00000006d6a00000| Untracked 
| 213|0x00000006d6b00000, 0x00000006d6b00000, 0x00000006d6c00000|  0%| F|  |TAMS 0x00000006d6b00000, 0x00000006d6b00000| Untracked 
| 214|0x00000006d6c00000, 0x00000006d6c00000, 0x00000006d6d00000|  0%| F|  |TAMS 0x00000006d6c00000, 0x00000006d6c00000| Untracked 
| 215|0x00000006d6d00000, 0x00000006d6d00000, 0x00000006d6e00000|  0%| F|  |TAMS 0x00000006d6d00000, 0x00000006d6d00000| Untracked 
| 216|0x00000006d6e00000, 0x00000006d6e00000, 0x00000006d6f00000|  0%| F|  |TAMS 0x00000006d6e00000, 0x00000006d6e00000| Untracked 
| 217|0x00000006d6f00000, 0x00000006d6f00000, 0x00000006d7000000|  0%| F|  |TAMS 0x00000006d6f00000, 0x00000006d6f00000| Untracked 
| 218|0x00000006d7000000, 0x00000006d7000000, 0x00000006d7100000|  0%| F|  |TAMS 0x00000006d7000000, 0x00000006d7000000| Untracked 
| 219|0x00000006d7100000, 0x00000006d7100000, 0x00000006d7200000|  0%| F|  |TAMS 0x00000006d7100000, 0x00000006d7100000| Untracked 
| 220|0x00000006d7200000, 0x00000006d7200000, 0x00000006d7300000|  0%| F|  |TAMS 0x00000006d7200000, 0x00000006d7200000| Untracked 
| 221|0x00000006d7300000, 0x00000006d7300000, 0x00000006d7400000|  0%| F|  |TAMS 0x00000006d7300000, 0x00000006d7300000| Untracked 
| 222|0x00000006d7400000, 0x00000006d7400000, 0x00000006d7500000|  0%| F|  |TAMS 0x00000006d7400000, 0x00000006d7400000| Untracked 
| 223|0x00000006d7500000, 0x00000006d7500000, 0x00000006d7600000|  0%| F|  |TAMS 0x00000006d7500000, 0x00000006d7500000| Untracked 
| 224|0x00000006d7600000, 0x00000006d7600000, 0x00000006d7700000|  0%| F|  |TAMS 0x00000006d7600000, 0x00000006d7600000| Untracked 
| 225|0x00000006d7700000, 0x00000006d7700000, 0x00000006d7800000|  0%| F|  |TAMS 0x00000006d7700000, 0x00000006d7700000| Untracked 
| 226|0x00000006d7800000, 0x00000006d7800000, 0x00000006d7900000|  0%| F|  |TAMS 0x00000006d7800000, 0x00000006d7800000| Untracked 
| 227|0x00000006d7900000, 0x00000006d7900000, 0x00000006d7a00000|  0%| F|  |TAMS 0x00000006d7900000, 0x00000006d7900000| Untracked 
| 228|0x00000006d7a00000, 0x00000006d7a00000, 0x00000006d7b00000|  0%| F|  |TAMS 0x00000006d7a00000, 0x00000006d7a00000| Untracked 
| 229|0x00000006d7b00000, 0x00000006d7b00000, 0x00000006d7c00000|  0%| F|  |TAMS 0x00000006d7b00000, 0x00000006d7b00000| Untracked 
| 230|0x00000006d7c00000, 0x00000006d7c00000, 0x00000006d7d00000|  0%| F|  |TAMS 0x00000006d7c00000, 0x00000006d7c00000| Untracked 
| 231|0x00000006d7d00000, 0x00000006d7d00000, 0x00000006d7e00000|  0%| F|  |TAMS 0x00000006d7d00000, 0x00000006d7d00000| Untracked 
| 232|0x00000006d7e00000, 0x00000006d7e00000, 0x00000006d7f00000|  0%| F|  |TAMS 0x00000006d7e00000, 0x00000006d7e00000| Untracked 
| 233|0x00000006d7f00000, 0x00000006d7f843f8, 0x00000006d8000000| 51%| E|  |TAMS 0x00000006d7f00000, 0x00000006d7f00000| Complete 
| 234|0x00000006d8000000, 0x00000006d8100000, 0x00000006d8100000|100%| E|CS|TAMS 0x00000006d8000000, 0x00000006d8000000| Complete 
| 235|0x00000006d8100000, 0x00000006d8200000, 0x00000006d8200000|100%| E|CS|TAMS 0x00000006d8100000, 0x00000006d8100000| Complete 
| 236|0x00000006d8200000, 0x00000006d8300000, 0x00000006d8300000|100%| E|CS|TAMS 0x00000006d8200000, 0x00000006d8200000| Complete 
| 237|0x00000006d8300000, 0x00000006d8400000, 0x00000006d8400000|100%| E|CS|TAMS 0x00000006d8300000, 0x00000006d8300000| Complete 
| 238|0x00000006d8400000, 0x00000006d8500000, 0x00000006d8500000|100%| E|CS|TAMS 0x00000006d8400000, 0x00000006d8400000| Complete 
| 239|0x00000006d8500000, 0x00000006d8600000, 0x00000006d8600000|100%| E|CS|TAMS 0x00000006d8500000, 0x00000006d8500000| Complete 
| 240|0x00000006d8600000, 0x00000006d8700000, 0x00000006d8700000|100%| E|CS|TAMS 0x00000006d8600000, 0x00000006d8600000| Complete 
| 241|0x00000006d8700000, 0x00000006d8800000, 0x00000006d8800000|100%| E|CS|TAMS 0x00000006d8700000, 0x00000006d8700000| Complete 
| 242|0x00000006d8800000, 0x00000006d8900000, 0x00000006d8900000|100%| E|CS|TAMS 0x00000006d8800000, 0x00000006d8800000| Complete 
| 243|0x00000006d8900000, 0x00000006d8a00000, 0x00000006d8a00000|100%| E|CS|TAMS 0x00000006d8900000, 0x00000006d8900000| Complete 
| 244|0x00000006d8a00000, 0x00000006d8b00000, 0x00000006d8b00000|100%| E|CS|TAMS 0x00000006d8a00000, 0x00000006d8a00000| Complete 
| 245|0x00000006d8b00000, 0x00000006d8c00000, 0x00000006d8c00000|100%| E|CS|TAMS 0x00000006d8b00000, 0x00000006d8b00000| Complete 
| 246|0x00000006d8c00000, 0x00000006d8d00000, 0x00000006d8d00000|100%| E|CS|TAMS 0x00000006d8c00000, 0x00000006d8c00000| Complete 
| 247|0x00000006d8d00000, 0x00000006d8e00000, 0x00000006d8e00000|100%| E|CS|TAMS 0x00000006d8d00000, 0x00000006d8d00000| Complete 

Card table byte_map: [0x00007f0a8c189000,0x00007f0a8c93e000] _byte_map_base: 0x00007f0a88b3e000

Marking Bits (Prev, Next): (CMBitMap*) 0x00007f0a88082078, (CMBitMap*) 0x00007f0a880820b0
 Prev Bits: [0x00007f0a67aa3000, 0x00007f0a6b84b000)
 Next Bits: [0x00007f0a63cfb000, 0x00007f0a67aa3000)

Polling page: 0x00007f0a903de000

Metaspace:

Usage:
  Non-class:      8,71 MB capacity,     8,55 MB ( 98%) used,   147,20 KB (  2%) free+waste,    15,75 KB ( <1%) overhead. 
      Class:    968,00 KB capacity,   905,33 KB ( 94%) used,    55,80 KB (  6%) free+waste,     6,88 KB ( <1%) overhead. 
       Both:      9,65 MB capacity,     9,43 MB ( 98%) used,   203,00 KB (  2%) free+waste,    22,62 KB ( <1%) overhead. 

Virtual space:
  Non-class space:       10,00 MB reserved,       9,00 MB ( 90%) committed 
      Class space:        1,00 GB reserved,       1,00 MB ( <1%) committed 
             Both:        1,01 GB reserved,      10,00 MB ( <1%) committed 

Chunk freelists:
   Non-Class:  52,00 KB
       Class:  24,00 KB
        Both:  76,00 KB

MaxMetaspaceSize: unlimited
CompressedClassSpaceSize: 1,00 GB
Initial GC threshold: 20,80 MB
Current GC threshold: 20,80 MB
CDS: off

CodeHeap 'non-profiled nmethods': size=119172Kb used=305Kb max_used=305Kb free=118866Kb
 bounds [0x00007f0a7819f000, 0x00007f0a7840f000, 0x00007f0a7f600000]
CodeHeap 'profiled nmethods': size=119168Kb used=1329Kb max_used=1329Kb free=117838Kb
 bounds [0x00007f0a70d3f000, 0x00007f0a70faf000, 0x00007f0a7819f000]
CodeHeap 'non-nmethods': size=7420Kb used=1178Kb max_used=2885Kb free=6241Kb
 bounds [0x00007f0a70600000, 0x00007f0a708e0000, 0x00007f0a70d3f000]
 total_blobs=1193 nmethods=842 adapters=273
 compilation: enabled
              stopped_count=0, restarted_count=0
 full_count=0

Compilation events (20 events):
Event: 0,213 Thread 0x00007f0a8829a800  835       3       sun.nio.fs.NativeBuffers::getNativeBufferFromCache (51 bytes)
Event: 0,213 Thread 0x00007f0a380a7800  836       3       sun.nio.fs.NativeBuffer::release (5 bytes)
Event: 0,213 Thread 0x00007f0a380a7800 nmethod 836 0x00007f0a70e81b10 code [0x00007f0a70e81cc0, 0x00007f0a70e81de0]
Event: 0,213 Thread 0x00007f0a380bc800 nmethod 832 0x00007f0a70e81e90 code [0x00007f0a70e82120, 0x00007f0a70e82b60]
Event: 0,213 Thread 0x00007f0a380bc800  837       3       sun.nio.fs.NativeBuffers::releaseNativeBuffer (97 bytes)
Event: 0,213 Thread 0x00007f0a380a7800  838       3       java.nio.ByteBuffer::wrap (8 bytes)
Event: 0,214 Thread 0x00007f0a380be800 nmethod 834 0x00007f0a70e83010 code [0x00007f0a70e83220, 0x00007f0a70e83690]
Event: 0,214 Thread 0x00007f0a8829a800 nmethod 835 0x00007f0a70e83910 code [0x00007f0a70e83b00, 0x00007f0a70e84100]
Event: 0,214 Thread 0x00007f0a8829a800  840       3       java.nio.HeapByteBuffer::<init> (21 bytes)
Event: 0,214 Thread 0x00007f0a380be800  839   !   3       java.nio.ByteBuffer::wrap (20 bytes)
Event: 0,214 Thread 0x00007f0a380a7800 nmethod 838 0x00007f0a70e84310 code [0x00007f0a70e84500, 0x00007f0a70e84870]
Event: 0,214 Thread 0x00007f0a8829a800 nmethod 840 0x00007f0a70e84a90 code [0x00007f0a70e84c40, 0x00007f0a70e84dc0]
Event: 0,214 Thread 0x00007f0a380be800 nmethod 839 0x00007f0a70e84e90 code [0x00007f0a70e85080, 0x00007f0a70e853b0]
Event: 0,214 Thread 0x00007f0a380bc800 nmethod 837 0x00007f0a70e85610 code [0x00007f0a70e858a0, 0x00007f0a70e866d0]
Event: 0,214 Thread 0x00007f0a2403d800 nmethod 831 0x00007f0a781ea610 code [0x00007f0a781ea7a0, 0x00007f0a781ea9b8]
Event: 0,214 Thread 0x00007f0a380d0800 nmethod 829% 0x00007f0a781eab90 code [0x00007f0a781ead40, 0x00007f0a781eb1b8]
Event: 0,216 Thread 0x00007f0a380a7800  841       3       sun.nio.cs.UTF_8$Encoder::encodeArrayLoop (489 bytes)
Event: 0,216 Thread 0x00007f0a8829a800  842       1       java.nio.DirectByteBuffer::address (5 bytes)
Event: 0,216 Thread 0x00007f0a8829a800 nmethod 842 0x00007f0a781eb490 code [0x00007f0a781eb640, 0x00007f0a781eb6f0]
Event: 0,217 Thread 0x00007f0a380a7800 nmethod 841 0x00007f0a70e86b90 code [0x00007f0a70e871e0, 0x00007f0a70e8a460]

GC Heap History (0 events):
No events

Deoptimization events (20 events):
Event: 0,186 Thread 0x00007f0a8801a000 Uncommon trap: trap_request=0xffffffde fr.pc=0x00007f0a781e1f7c relative=0x000000000000113c
Event: 0,186 Thread 0x00007f0a8801a000 Uncommon trap: reason=class_check action=maybe_recompile pc=0x00007f0a781e1f7c method=java.util.HashMap.putVal(ILjava/lang/Object;Ljava/lang/Object;ZZ)Ljava/lang/Object; @ 203 c2
Event: 0,186 Thread 0x00007f0a8801a000 DEOPT PACKING pc=0x00007f0a781e1f7c sp=0x00007f0a8fffba80
Event: 0,186 Thread 0x00007f0a8801a000 DEOPT UNPACKING pc=0x00007f0a706082a5 sp=0x00007f0a8fffba30 mode 2
Event: 0,190 Thread 0x00007f0a8801a000 Uncommon trap: trap_request=0xffffff6e fr.pc=0x00007f0a781cb214 relative=0x0000000000001254
Event: 0,190 Thread 0x00007f0a8801a000 Uncommon trap: reason=speculate_class_check action=maybe_recompile pc=0x00007f0a781cb214 method=java.util.HashMap.putVal(ILjava/lang/Object;Ljava/lang/Object;ZZ)Ljava/lang/Object; @ 56 c2
Event: 0,190 Thread 0x00007f0a8801a000 DEOPT PACKING pc=0x00007f0a781cb214 sp=0x00007f0a8fffdd30
Event: 0,190 Thread 0x00007f0a8801a000 DEOPT UNPACKING pc=0x00007f0a706082a5 sp=0x00007f0a8fffdbf0 mode 2
Event: 0,190 Thread 0x00007f0a8801a000 Uncommon trap: trap_request=0xffffff6e fr.pc=0x00007f0a781cb214 relative=0x0000000000001254
Event: 0,190 Thread 0x00007f0a8801a000 Uncommon trap: reason=speculate_class_check action=maybe_recompile pc=0x00007f0a781cb214 method=java.util.HashMap.putVal(ILjava/lang/Object;Ljava/lang/Object;ZZ)Ljava/lang/Object; @ 56 c2
Event: 0,190 Thread 0x00007f0a8801a000 DEOPT PACKING pc=0x00007f0a781cb214 sp=0x00007f0a8fffdd30
Event: 0,190 Thread 0x00007f0a8801a000 DEOPT UNPACKING pc=0x00007f0a706082a5 sp=0x00007f0a8fffdbf0 mode 2
Event: 0,190 Thread 0x00007f0a8801a000 Uncommon trap: trap_request=0xffffff6e fr.pc=0x00007f0a781cb214 relative=0x0000000000001254
Event: 0,190 Thread 0x00007f0a8801a000 Uncommon trap: reason=speculate_class_check action=maybe_recompile pc=0x00007f0a781cb214 method=java.util.HashMap.putVal(ILjava/lang/Object;Ljava/lang/Object;ZZ)Ljava/lang/Object; @ 56 c2
Event: 0,190 Thread 0x00007f0a8801a000 DEOPT PACKING pc=0x00007f0a781cb214 sp=0x00007f0a8fffdd30
Event: 0,190 Thread 0x00007f0a8801a000 DEOPT UNPACKING pc=0x00007f0a706082a5 sp=0x00007f0a8fffdbf0 mode 2
Event: 0,190 Thread 0x00007f0a8801a000 Uncommon trap: trap_request=0xffffff6e fr.pc=0x00007f0a781cb214 relative=0x0000000000001254
Event: 0,190 Thread 0x00007f0a8801a000 Uncommon trap: reason=speculate_class_check action=maybe_recompile pc=0x00007f0a781cb214 method=java.util.HashMap.putVal(ILjava/lang/Object;Ljava/lang/Object;ZZ)Ljava/lang/Object; @ 56 c2
Event: 0,190 Thread 0x00007f0a8801a000 DEOPT PACKING pc=0x00007f0a781cb214 sp=0x00007f0a8fffdd30
Event: 0,190 Thread 0x00007f0a8801a000 DEOPT UNPACKING pc=0x00007f0a706082a5 sp=0x00007f0a8fffdbf0 mode 2

Classes redefined (10 events):
Event: 291,919 Thread 0x00007f0a88274000 redefined class name=Entidades.ListaCircular, count=1
Event: 528,732 Thread 0x00007f0a88274000 redefined class name=Entidades.ListaCircular, count=2
Event: 970,913 Thread 0x00007f0a88274000 redefined class name=Entidades.ListaCircular, count=3
Event: 1597,129 Thread 0x00007f0a88274000 redefined class name=Entidades.ListaCircular, count=4
Event: 1736,754 Thread 0x00007f0a88274000 redefined class name=Entidades.ListaCircular, count=5
Event: 2015,917 Thread 0x00007f0a88274000 redefined class name=Entidades.ListaCircular, count=6
Event: 3961,332 Thread 0x00007f0a88274000 redefined class name=Entidades.AlgoRoma, count=1
Event: 4116,846 Thread 0x00007f0a88274000 redefined class name=TestIntegracion.TestIntegracion, count=1
Event: 4507,865 Thread 0x00007f0a88274000 redefined class name=TestIntegracion.TestIntegracion, count=2
Event: 5146,745 Thread 0x00007f0a88274000 redefined class name=Entidades.ListaCircular, count=7

Internal exceptions (20 events):
Event: 0,209 Thread 0x00007f0a8801a000 Exception <a 'sun/nio/fs/UnixException'{0x00000006d7f41958}> (0x00000006d7f41958) thrown at [./src/hotspot/share/prims/jni.cpp, line 617]
Event: 0,209 Thread 0x00007f0a8801a000 Exception <a 'sun/nio/fs/UnixException'{0x00000006d7f43888}> (0x00000006d7f43888) thrown at [./src/hotspot/share/prims/jni.cpp, line 617]
Event: 0,209 Thread 0x00007f0a8801a000 Exception <a 'sun/nio/fs/UnixException'{0x00000006d7f45ef8}> (0x00000006d7f45ef8) thrown at [./src/hotspot/share/prims/jni.cpp, line 617]
Event: 0,210 Thread 0x00007f0a8801a000 Exception <a 'sun/nio/fs/UnixException'{0x00000006d7f47bd0}> (0x00000006d7f47bd0) thrown at [./src/hotspot/share/prims/jni.cpp, line 617]
Event: 0,210 Thread 0x00007f0a8801a000 Exception <a 'sun/nio/fs/UnixException'{0x00000006d7f49398}> (0x00000006d7f49398) thrown at [./src/hotspot/share/prims/jni.cpp, line 617]
Event: 0,210 Thread 0x00007f0a8801a000 Exception <a 'sun/nio/fs/UnixException'{0x00000006d7f4ac00}> (0x00000006d7f4ac00) thrown at [./src/hotspot/share/prims/jni.cpp, line 617]
Event: 0,210 Thread 0x00007f0a8801a000 Exception <a 'sun/nio/fs/UnixException'{0x00000006d7f4d910}> (0x00000006d7f4d910) thrown at [./src/hotspot/share/prims/jni.cpp, line 617]
Event: 0,211 Thread 0x00007f0a8801a000 Exception <a 'sun/nio/fs/UnixException'{0x00000006d7f5dc70}> (0x00000006d7f5dc70) thrown at [./src/hotspot/share/prims/jni.cpp, line 617]
Event: 0,212 Thread 0x00007f0a8801a000 Exception <a 'sun/nio/fs/UnixException'{0x00000006d7f5f530}> (0x00000006d7f5f530) thrown at [./src/hotspot/share/prims/jni.cpp, line 617]
Event: 0,212 Thread 0x00007f0a8801a000 Exception <a 'sun/nio/fs/UnixException'{0x00000006d7f612d8}> (0x00000006d7f612d8) thrown at [./src/hotspot/share/prims/jni.cpp, line 617]
Event: 0,212 Thread 0x00007f0a8801a000 Exception <a 'sun/nio/fs/UnixException'{0x00000006d7f632b8}> (0x00000006d7f632b8) thrown at [./src/hotspot/share/prims/jni.cpp, line 617]
Event: 0,212 Thread 0x00007f0a8801a000 Exception <a 'sun/nio/fs/UnixException'{0x00000006d7f65db0}> (0x00000006d7f65db0) thrown at [./src/hotspot/share/prims/jni.cpp, line 617]
Event: 0,213 Thread 0x00007f0a8801a000 Exception <a 'sun/nio/fs/UnixException'{0x00000006d7f67650}> (0x00000006d7f67650) thrown at [./src/hotspot/share/prims/jni.cpp, line 617]
Event: 0,213 Thread 0x00007f0a8801a000 Exception <a 'sun/nio/fs/UnixException'{0x00000006d7f69960}> (0x00000006d7f69960) thrown at [./src/hotspot/share/prims/jni.cpp, line 617]
Event: 0,213 Thread 0x00007f0a8801a000 Exception <a 'sun/nio/fs/UnixException'{0x00000006d7f6b828}> (0x00000006d7f6b828) thrown at [./src/hotspot/share/prims/jni.cpp, line 617]
Event: 0,213 Thread 0x00007f0a8801a000 Exception <a 'sun/nio/fs/UnixException'{0x00000006d7f6dba8}> (0x00000006d7f6dba8) thrown at [./src/hotspot/share/prims/jni.cpp, line 617]
Event: 0,214 Thread 0x00007f0a8801a000 Exception <a 'sun/nio/fs/UnixException'{0x00000006d7f6fad0}> (0x00000006d7f6fad0) thrown at [./src/hotspot/share/prims/jni.cpp, line 617]
Event: 0,214 Thread 0x00007f0a8801a000 Exception <a 'sun/nio/fs/UnixException'{0x00000006d7f71e58}> (0x00000006d7f71e58) thrown at [./src/hotspot/share/prims/jni.cpp, line 617]
Event: 0,215 Thread 0x00007f0a8801a000 Exception <a 'sun/nio/fs/UnixException'{0x00000006d7f73d88}> (0x00000006d7f73d88) thrown at [./src/hotspot/share/prims/jni.cpp, line 617]
Event: 0,216 Thread 0x00007f0a8801a000 Exception <a 'sun/nio/fs/UnixException'{0x00000006d7f75ea8}> (0x00000006d7f75ea8) thrown at [./src/hotspot/share/prims/jni.cpp, line 617]

Events (20 events):
Event: 5146,747 Executing VM operation: GetFrameCount done
Event: 5146,747 Executing VM operation: GetStackTrace
Event: 5146,747 Executing VM operation: GetStackTrace done
Event: 5146,753 Executing VM operation: ChangeBreakpoints
Event: 5146,753 Executing VM operation: ChangeBreakpoints done
Event: 5146,753 Executing VM operation: ChangeBreakpoints
Event: 5146,753 Executing VM operation: ChangeBreakpoints done
Event: 5146,754 Executing VM operation: ChangeBreakpoints
Event: 5146,754 Executing VM operation: ChangeBreakpoints done
Event: 5146,755 Executing VM operation: ChangeBreakpoints
Event: 5146,755 Executing VM operation: ChangeBreakpoints done
Event: 5146,755 Executing VM operation: ChangeBreakpoints
Event: 5146,755 Executing VM operation: ChangeBreakpoints done
Event: 5146,756 Executing VM operation: GetFrameCount
Event: 5146,756 Executing VM operation: GetFrameCount done
Event: 5146,756 Executing VM operation: GetStackTrace
Event: 5146,756 Executing VM operation: GetStackTrace done
Event: 5146,759 Executing VM operation: GetFrameLocation
Event: 5146,759 Executing VM operation: GetFrameLocation done
Event: 5146,759 Executing VM operation: GetOrSetLocal


Dynamic libraries:
6c9600000-6d8e00000 rw-p 00000000 00:00 0 
6d8e00000-7c0000000 ---p 00000000 00:00 0 
7c0000000-7c0100000 rw-p 00000000 00:00 0 
7c0100000-800000000 ---p 00000000 00:00 0 
55b26a904000-55b26a905000 r--p 00000000 103:02 393763                    /usr/lib/jvm/java-11-openjdk-amd64/bin/java
55b26a905000-55b26a906000 r-xp 00001000 103:02 393763                    /usr/lib/jvm/java-11-openjdk-amd64/bin/java
55b26a906000-55b26a907000 r--p 00002000 103:02 393763                    /usr/lib/jvm/java-11-openjdk-amd64/bin/java
55b26a907000-55b26a908000 r--p 00002000 103:02 393763                    /usr/lib/jvm/java-11-openjdk-amd64/bin/java
55b26a908000-55b26a909000 rw-p 00003000 103:02 393763                    /usr/lib/jvm/java-11-openjdk-amd64/bin/java
55b26b3c0000-55b26b3e1000 rw-p 00000000 00:00 0                          [heap]
7f09fc000000-7f09fc021000 rw-p 00000000 00:00 0 
7f09fc021000-7f0a00000000 ---p 00000000 00:00 0 
7f0a04000000-7f0a04021000 rw-p 00000000 00:00 0 
7f0a04021000-7f0a08000000 ---p 00000000 00:00 0 
7f0a08000000-7f0a08021000 rw-p 00000000 00:00 0 
7f0a08021000-7f0a0c000000 ---p 00000000 00:00 0 
7f0a0c000000-7f0a0c289000 rw-p 00000000 00:00 0 
7f0a0c289000-7f0a10000000 ---p 00000000 00:00 0 
7f0a10000000-7f0a10038000 rw-p 00000000 00:00 0 
7f0a10038000-7f0a14000000 ---p 00000000 00:00 0 
7f0a14000000-7f0a14204000 rw-p 00000000 00:00 0 
7f0a14204000-7f0a18000000 ---p 00000000 00:00 0 
7f0a18000000-7f0a18234000 rw-p 00000000 00:00 0 
7f0a18234000-7f0a1c000000 ---p 00000000 00:00 0 
7f0a1c000000-7f0a1c0a4000 rw-p 00000000 00:00 0 
7f0a1c0a4000-7f0a20000000 ---p 00000000 00:00 0 
7f0a20000000-7f0a200a0000 rw-p 00000000 00:00 0 
7f0a200a0000-7f0a24000000 ---p 00000000 00:00 0 
7f0a24000000-7f0a240ad000 rw-p 00000000 00:00 0 
7f0a240ad000-7f0a28000000 ---p 00000000 00:00 0 
7f0a2b04a000-7f0a2b4fe000 rw-p 00000000 00:00 0 
7f0a2b4fe000-7f0a2b5fe000 ---p 00000000 00:00 0 
7f0a2b5fe000-7f0a2b5ff000 ---p 00000000 00:00 0 
7f0a2b5ff000-7f0a2b700000 rw-p 00000000 00:00 0 
7f0a2b700000-7f0a2b704000 ---p 00000000 00:00 0 
7f0a2b704000-7f0a2b800000 rw-p 00000000 00:00 0 
7f0a2b800000-7f0a2b804000 ---p 00000000 00:00 0 
7f0a2b804000-7f0a2b900000 rw-p 00000000 00:00 0 
7f0a2b900000-7f0a2b904000 ---p 00000000 00:00 0 
7f0a2b904000-7f0a2ba00000 rw-p 00000000 00:00 0 
7f0a2ba00000-7f0a2ba04000 ---p 00000000 00:00 0 
7f0a2ba04000-7f0a2bb00000 rw-p 00000000 00:00 0 
7f0a2bb00000-7f0a2bb04000 ---p 00000000 00:00 0 
7f0a2bb04000-7f0a2bc00000 rw-p 00000000 00:00 0 
7f0a2bc00000-7f0a2bc04000 ---p 00000000 00:00 0 
7f0a2bc04000-7f0a2bd00000 rw-p 00000000 00:00 0 
7f0a2bd00000-7f0a2bd04000 ---p 00000000 00:00 0 
7f0a2bd04000-7f0a2be00000 rw-p 00000000 00:00 0 
7f0a2be00000-7f0a2be04000 ---p 00000000 00:00 0 
7f0a2be04000-7f0a2bf00000 rw-p 00000000 00:00 0 
7f0a2bf00000-7f0a2bf04000 ---p 00000000 00:00 0 
7f0a2bf04000-7f0a2c000000 rw-p 00000000 00:00 0 
7f0a2c000000-7f0a2c021000 rw-p 00000000 00:00 0 
7f0a2c021000-7f0a30000000 ---p 00000000 00:00 0 
7f0a30000000-7f0a30021000 rw-p 00000000 00:00 0 
7f0a30021000-7f0a34000000 ---p 00000000 00:00 0 
7f0a34000000-7f0a34343000 rw-p 00000000 00:00 0 
7f0a34343000-7f0a38000000 ---p 00000000 00:00 0 
7f0a38000000-7f0a381d2000 rw-p 00000000 00:00 0 
7f0a381d2000-7f0a3c000000 ---p 00000000 00:00 0 
7f0a3c000000-7f0a3c021000 rw-p 00000000 00:00 0 
7f0a3c021000-7f0a40000000 ---p 00000000 00:00 0 
7f0a40000000-7f0a40021000 rw-p 00000000 00:00 0 
7f0a40021000-7f0a44000000 ---p 00000000 00:00 0 
7f0a44000000-7f0a44021000 rw-p 00000000 00:00 0 
7f0a44021000-7f0a48000000 ---p 00000000 00:00 0 
7f0a48000000-7f0a48021000 rw-p 00000000 00:00 0 
7f0a48021000-7f0a4c000000 ---p 00000000 00:00 0 
7f0a4c000000-7f0a4c021000 rw-p 00000000 00:00 0 
7f0a4c021000-7f0a50000000 ---p 00000000 00:00 0 
7f0a50000000-7f0a50021000 rw-p 00000000 00:00 0 
7f0a50021000-7f0a54000000 ---p 00000000 00:00 0 
7f0a54000000-7f0a54021000 rw-p 00000000 00:00 0 
7f0a54021000-7f0a58000000 ---p 00000000 00:00 0 
7f0a58000000-7f0a58021000 rw-p 00000000 00:00 0 
7f0a58021000-7f0a5c000000 ---p 00000000 00:00 0 
7f0a5c000000-7f0a5c021000 rw-p 00000000 00:00 0 
7f0a5c021000-7f0a60000000 ---p 00000000 00:00 0 
7f0a600ec000-7f0a600f0000 ---p 00000000 00:00 0 
7f0a600f0000-7f0a601ec000 rw-p 00000000 00:00 0 
7f0a601ec000-7f0a601f0000 ---p 00000000 00:00 0 
7f0a601f0000-7f0a602ec000 rw-p 00000000 00:00 0 
7f0a602ec000-7f0a602f0000 ---p 00000000 00:00 0 
7f0a602f0000-7f0a603ec000 rw-p 00000000 00:00 0 
7f0a603ec000-7f0a603f0000 ---p 00000000 00:00 0 
7f0a603f0000-7f0a604ec000 rw-p 00000000 00:00 0 
7f0a604ec000-7f0a604f0000 ---p 00000000 00:00 0 
7f0a604f0000-7f0a605ec000 rw-p 00000000 00:00 0 
7f0a605ec000-7f0a605f0000 ---p 00000000 00:00 0 
7f0a605f0000-7f0a606ec000 rw-p 00000000 00:00 0 
7f0a606ec000-7f0a606f0000 ---p 00000000 00:00 0 
7f0a606f0000-7f0a607ec000 rw-p 00000000 00:00 0 
7f0a607ec000-7f0a607f0000 ---p 00000000 00:00 0 
7f0a607f0000-7f0a608ec000 rw-p 00000000 00:00 0 
7f0a608ec000-7f0a608ed000 ---p 00000000 00:00 0 
7f0a608ed000-7f0a611ee000 rw-p 00000000 00:00 0 
7f0a611ee000-7f0a611ef000 ---p 00000000 00:00 0 
7f0a611ef000-7f0a612f0000 rw-p 00000000 00:00 0 
7f0a612f0000-7f0a612f1000 ---p 00000000 00:00 0 
7f0a612f1000-7f0a640db000 rw-p 00000000 00:00 0 
7f0a640db000-7f0a67aa3000 ---p 00000000 00:00 0 
7f0a67aa3000-7f0a67e83000 rw-p 00000000 00:00 0 
7f0a67e83000-7f0a6b84b000 ---p 00000000 00:00 0 
7f0a6b84b000-7f0a6b8c7000 rw-p 00000000 00:00 0 
7f0a6b8c7000-7f0a6c000000 ---p 00000000 00:00 0 
7f0a6c000000-7f0a6c021000 rw-p 00000000 00:00 0 
7f0a6c021000-7f0a70000000 ---p 00000000 00:00 0 
7f0a700fa000-7f0a704fe000 rw-p 00000000 00:00 0 
7f0a704fe000-7f0a704ff000 ---p 00000000 00:00 0 
7f0a704ff000-7f0a70600000 rw-p 00000000 00:00 0 
7f0a70600000-7f0a708e0000 rwxp 00000000 00:00 0 
7f0a708e0000-7f0a70d3f000 ---p 00000000 00:00 0 
7f0a70d3f000-7f0a70faf000 rwxp 00000000 00:00 0 
7f0a70faf000-7f0a7819f000 ---p 00000000 00:00 0 
7f0a7819f000-7f0a7840f000 rwxp 00000000 00:00 0 
7f0a7840f000-7f0a7f600000 ---p 00000000 00:00 0 
7f0a7f600000-7f0a87e0f000 r--s 00000000 103:02 394401                    /usr/lib/jvm/java-11-openjdk-amd64/lib/modules
7f0a87e7d000-7f0a87efe000 rw-p 00000000 00:00 0 
7f0a87efe000-7f0a87eff000 ---p 00000000 00:00 0 
7f0a87eff000-7f0a88000000 rw-p 00000000 00:00 0 
7f0a88000000-7f0a885cf000 rw-p 00000000 00:00 0 
7f0a885cf000-7f0a8c000000 ---p 00000000 00:00 0 
7f0a8c00f000-7f0a8c205000 rw-p 00000000 00:00 0 
7f0a8c205000-7f0a8c93e000 ---p 00000000 00:00 0 
7f0a8c93e000-7f0a8c9ba000 rw-p 00000000 00:00 0 
7f0a8c9ba000-7f0a8d0f3000 ---p 00000000 00:00 0 
7f0a8d0f3000-7f0a8de00000 rw-p 00000000 00:00 0 
7f0a8de00000-7f0a8e601000 r--p 00000000 103:02 1705107                   /usr/lib/locale/locale-archive
7f0a8e615000-7f0a8e616000 ---p 00000000 00:00 0 
7f0a8e616000-7f0a8e71c000 rw-p 00000000 00:00 0 
7f0a8e71c000-7f0a8e800000 ---p 00000000 00:00 0 
7f0a8e800000-7f0a8e89a000 r--p 00000000 103:02 1718793                   /usr/lib/x86_64-linux-gnu/libstdc++.so.6.0.30
7f0a8e89a000-7f0a8e9ab000 r-xp 0009a000 103:02 1718793                   /usr/lib/x86_64-linux-gnu/libstdc++.so.6.0.30
7f0a8e9ab000-7f0a8ea1a000 r--p 001ab000 103:02 1718793                   /usr/lib/x86_64-linux-gnu/libstdc++.so.6.0.30
7f0a8ea1a000-7f0a8ea1b000 ---p 0021a000 103:02 1718793                   /usr/lib/x86_64-linux-gnu/libstdc++.so.6.0.30
7f0a8ea1b000-7f0a8ea26000 r--p 0021a000 103:02 1718793                   /usr/lib/x86_64-linux-gnu/libstdc++.so.6.0.30
7f0a8ea26000-7f0a8ea29000 rw-p 00225000 103:02 1718793                   /usr/lib/x86_64-linux-gnu/libstdc++.so.6.0.30
7f0a8ea29000-7f0a8ea2c000 rw-p 00000000 00:00 0 
7f0a8ea44000-7f0a8ea66000 r--p 00000000 103:02 178082                    /usr/share/locale-langpack/es/LC_MESSAGES/libc.mo
7f0a8ea66000-7f0a8ea6a000 r--p 00000000 103:02 394391                    /usr/lib/jvm/java-11-openjdk-amd64/lib/libnet.so
7f0a8ea6a000-7f0a8ea78000 r-xp 00004000 103:02 394391                    /usr/lib/jvm/java-11-openjdk-amd64/lib/libnet.so
7f0a8ea78000-7f0a8ea7c000 r--p 00012000 103:02 394391                    /usr/lib/jvm/java-11-openjdk-amd64/lib/libnet.so
7f0a8ea7c000-7f0a8ea7d000 r--p 00015000 103:02 394391                    /usr/lib/jvm/java-11-openjdk-amd64/lib/libnet.so
7f0a8ea7d000-7f0a8ea7e000 rw-p 00016000 103:02 394391                    /usr/lib/jvm/java-11-openjdk-amd64/lib/libnet.so
7f0a8ea7e000-7f0a8eade000 rw-p 00000000 00:00 0 
7f0a8eade000-7f0a8ebc2000 ---p 00000000 00:00 0 
7f0a8ebc2000-7f0a8ebc4000 r--p 00000000 103:02 394382                    /usr/lib/jvm/java-11-openjdk-amd64/lib/libjdwp.so
7f0a8ebc4000-7f0a8ebf0000 r-xp 00002000 103:02 394382                    /usr/lib/jvm/java-11-openjdk-amd64/lib/libjdwp.so
7f0a8ebf0000-7f0a8ebfe000 r--p 0002e000 103:02 394382                    /usr/lib/jvm/java-11-openjdk-amd64/lib/libjdwp.so
7f0a8ebfe000-7f0a8ebff000 r--p 0003b000 103:02 394382                    /usr/lib/jvm/java-11-openjdk-amd64/lib/libjdwp.so
7f0a8ebff000-7f0a8ec00000 rw-p 0003c000 103:02 394382                    /usr/lib/jvm/java-11-openjdk-amd64/lib/libjdwp.so
7f0a8ec00000-7f0a8ee82000 r--p 00000000 103:02 394404                    /usr/lib/jvm/java-11-openjdk-amd64/lib/server/libjvm.so
7f0a8ee82000-7f0a8fb1f000 r-xp 00282000 103:02 394404                    /usr/lib/jvm/java-11-openjdk-amd64/lib/server/libjvm.so
7f0a8fb1f000-7f0a8fd7a000 r--p 00f1f000 103:02 394404                    /usr/lib/jvm/java-11-openjdk-amd64/lib/server/libjvm.so
7f0a8fd7a000-7f0a8fd7b000 ---p 0117a000 103:02 394404                    /usr/lib/jvm/java-11-openjdk-amd64/lib/server/libjvm.so
7f0a8fd7b000-7f0a8fe3f000 r--p 0117a000 103:02 394404                    /usr/lib/jvm/java-11-openjdk-amd64/lib/server/libjvm.so
7f0a8fe3f000-7f0a8fe7a000 rw-p 0123e000 103:02 394404                    /usr/lib/jvm/java-11-openjdk-amd64/lib/server/libjvm.so
7f0a8fe7a000-7f0a8fed1000 rw-p 00000000 00:00 0 
7f0a8fed4000-7f0a8fed6000 r--p 00000000 103:02 394372                    /usr/lib/jvm/java-11-openjdk-amd64/lib/libdt_socket.so
7f0a8fed6000-7f0a8fed9000 r-xp 00002000 103:02 394372                    /usr/lib/jvm/java-11-openjdk-amd64/lib/libdt_socket.so
7f0a8fed9000-7f0a8feda000 r--p 00005000 103:02 394372                    /usr/lib/jvm/java-11-openjdk-amd64/lib/libdt_socket.so
7f0a8feda000-7f0a8fedb000 ---p 00006000 103:02 394372                    /usr/lib/jvm/java-11-openjdk-amd64/lib/libdt_socket.so
7f0a8fedb000-7f0a8fedc000 r--p 00006000 103:02 394372                    /usr/lib/jvm/java-11-openjdk-amd64/lib/libdt_socket.so
7f0a8fedc000-7f0a8fedd000 rw-p 00007000 103:02 394372                    /usr/lib/jvm/java-11-openjdk-amd64/lib/libdt_socket.so
7f0a8fedd000-7f0a8fee4000 r--p 00000000 103:02 394392                    /usr/lib/jvm/java-11-openjdk-amd64/lib/libnio.so
7f0a8fee4000-7f0a8feec000 r-xp 00007000 103:02 394392                    /usr/lib/jvm/java-11-openjdk-amd64/lib/libnio.so
7f0a8feec000-7f0a8feef000 r--p 0000f000 103:02 394392                    /usr/lib/jvm/java-11-openjdk-amd64/lib/libnio.so
7f0a8feef000-7f0a8fef0000 r--p 00011000 103:02 394392                    /usr/lib/jvm/java-11-openjdk-amd64/lib/libnio.so
7f0a8fef0000-7f0a8fef1000 rw-p 00012000 103:02 394392                    /usr/lib/jvm/java-11-openjdk-amd64/lib/libnio.so
7f0a8fef1000-7f0a8fef7000 rw-p 00000000 00:00 0 
7f0a8fef7000-7f0a8ff00000 ---p 00000000 00:00 0 
7f0a8ff00000-7f0a8ff04000 ---p 00000000 00:00 0 
7f0a8ff04000-7f0a90000000 rw-p 00000000 00:00 0 
7f0a90000000-7f0a90028000 r--p 00000000 103:02 1705993                   /usr/lib/x86_64-linux-gnu/libc.so.6
7f0a90028000-7f0a901bd000 r-xp 00028000 103:02 1705993                   /usr/lib/x86_64-linux-gnu/libc.so.6
7f0a901bd000-7f0a90215000 r--p 001bd000 103:02 1705993                   /usr/lib/x86_64-linux-gnu/libc.so.6
7f0a90215000-7f0a90219000 r--p 00214000 103:02 1705993                   /usr/lib/x86_64-linux-gnu/libc.so.6
7f0a90219000-7f0a9021b000 rw-p 00218000 103:02 1705993                   /usr/lib/x86_64-linux-gnu/libc.so.6
7f0a9021b000-7f0a90228000 rw-p 00000000 00:00 0 
7f0a9022f000-7f0a90236000 r--s 00000000 103:02 1709380                   /usr/lib/x86_64-linux-gnu/gconv/gconv-modules.cache
7f0a90236000-7f0a9023c000 r--s 000f8000 07:14 1312                       /snap/intellij-idea-community/467/plugins/java/lib/rt/debugger-agent.jar
7f0a9023c000-7f0a9023e000 r--p 00000000 103:02 394400                    /usr/lib/jvm/java-11-openjdk-amd64/lib/libzip.so
7f0a9023e000-7f0a90243000 r-xp 00002000 103:02 394400                    /usr/lib/jvm/java-11-openjdk-amd64/lib/libzip.so
7f0a90243000-7f0a90245000 r--p 00007000 103:02 394400                    /usr/lib/jvm/java-11-openjdk-amd64/lib/libzip.so
7f0a90245000-7f0a90246000 r--p 00008000 103:02 394400                    /usr/lib/jvm/java-11-openjdk-amd64/lib/libzip.so
7f0a90246000-7f0a90247000 rw-p 00009000 103:02 394400                    /usr/lib/jvm/java-11-openjdk-amd64/lib/libzip.so
7f0a90247000-7f0a9024f000 rw-s 00000000 103:02 1179741                   /tmp/hsperfdata_criss/35318
7f0a9024f000-7f0a90251000 r--p 00000000 103:02 394375                    /usr/lib/jvm/java-11-openjdk-amd64/lib/libinstrument.so
7f0a90251000-7f0a90258000 r-xp 00002000 103:02 394375                    /usr/lib/jvm/java-11-openjdk-amd64/lib/libinstrument.so
7f0a90258000-7f0a9025b000 r--p 00009000 103:02 394375                    /usr/lib/jvm/java-11-openjdk-amd64/lib/libinstrument.so
7f0a9025b000-7f0a9025c000 r--p 0000b000 103:02 394375                    /usr/lib/jvm/java-11-openjdk-amd64/lib/libinstrument.so
7f0a9025c000-7f0a9025d000 rw-p 0000c000 103:02 394375                    /usr/lib/jvm/java-11-openjdk-amd64/lib/libinstrument.so
7f0a9025d000-7f0a9026b000 r--p 00000000 103:02 394380                    /usr/lib/jvm/java-11-openjdk-amd64/lib/libjava.so
7f0a9026b000-7f0a90281000 r-xp 0000e000 103:02 394380                    /usr/lib/jvm/java-11-openjdk-amd64/lib/libjava.so
7f0a90281000-7f0a90288000 r--p 00024000 103:02 394380                    /usr/lib/jvm/java-11-openjdk-amd64/lib/libjava.so
7f0a90288000-7f0a90289000 r--p 0002a000 103:02 394380                    /usr/lib/jvm/java-11-openjdk-amd64/lib/libjava.so
7f0a90289000-7f0a9028a000 rw-p 0002b000 103:02 394380                    /usr/lib/jvm/java-11-openjdk-amd64/lib/libjava.so
7f0a9028a000-7f0a9028b000 rw-p 00000000 00:00 0 
7f0a9028b000-7f0a90290000 r--p 00000000 103:02 394399                    /usr/lib/jvm/java-11-openjdk-amd64/lib/libverify.so
7f0a90290000-7f0a90297000 r-xp 00005000 103:02 394399                    /usr/lib/jvm/java-11-openjdk-amd64/lib/libverify.so
7f0a90297000-7f0a90299000 r--p 0000c000 103:02 394399                    /usr/lib/jvm/java-11-openjdk-amd64/lib/libverify.so
7f0a90299000-7f0a9029b000 r--p 0000d000 103:02 394399                    /usr/lib/jvm/java-11-openjdk-amd64/lib/libverify.so
7f0a9029b000-7f0a9029c000 rw-p 0000f000 103:02 394399                    /usr/lib/jvm/java-11-openjdk-amd64/lib/libverify.so
7f0a9029c000-7f0a9029d000 r--p 00000000 103:02 1706109                   /usr/lib/x86_64-linux-gnu/librt.so.1
7f0a9029d000-7f0a9029e000 r-xp 00001000 103:02 1706109                   /usr/lib/x86_64-linux-gnu/librt.so.1
7f0a9029e000-7f0a9029f000 r--p 00002000 103:02 1706109                   /usr/lib/x86_64-linux-gnu/librt.so.1
7f0a9029f000-7f0a902a0000 r--p 00002000 103:02 1706109                   /usr/lib/x86_64-linux-gnu/librt.so.1
7f0a902a0000-7f0a902a1000 rw-p 00003000 103:02 1706109                   /usr/lib/x86_64-linux-gnu/librt.so.1
7f0a902a1000-7f0a902a4000 r--p 00000000 103:02 1718799                   /usr/lib/x86_64-linux-gnu/libgcc_s.so.1
7f0a902a4000-7f0a902bb000 r-xp 00003000 103:02 1718799                   /usr/lib/x86_64-linux-gnu/libgcc_s.so.1
7f0a902bb000-7f0a902bf000 r--p 0001a000 103:02 1718799                   /usr/lib/x86_64-linux-gnu/libgcc_s.so.1
7f0a902bf000-7f0a902c0000 r--p 0001d000 103:02 1718799                   /usr/lib/x86_64-linux-gnu/libgcc_s.so.1
7f0a902c0000-7f0a902c1000 rw-p 0001e000 103:02 1718799                   /usr/lib/x86_64-linux-gnu/libgcc_s.so.1
7f0a902c1000-7f0a902cf000 r--p 00000000 103:02 1706034                   /usr/lib/x86_64-linux-gnu/libm.so.6
7f0a902cf000-7f0a9034b000 r-xp 0000e000 103:02 1706034                   /usr/lib/x86_64-linux-gnu/libm.so.6
7f0a9034b000-7f0a903a6000 r--p 0008a000 103:02 1706034                   /usr/lib/x86_64-linux-gnu/libm.so.6
7f0a903a6000-7f0a903a7000 r--p 000e4000 103:02 1706034                   /usr/lib/x86_64-linux-gnu/libm.so.6
7f0a903a7000-7f0a903a8000 rw-p 000e5000 103:02 1706034                   /usr/lib/x86_64-linux-gnu/libm.so.6
7f0a903a8000-7f0a903aa000 rw-p 00000000 00:00 0 
7f0a903aa000-7f0a903ad000 r--p 00000000 103:02 394365                    /usr/lib/jvm/java-11-openjdk-amd64/lib/jli/libjli.so
7f0a903ad000-7f0a903b7000 r-xp 00003000 103:02 394365                    /usr/lib/jvm/java-11-openjdk-amd64/lib/jli/libjli.so
7f0a903b7000-7f0a903ba000 r--p 0000d000 103:02 394365                    /usr/lib/jvm/java-11-openjdk-amd64/lib/jli/libjli.so
7f0a903ba000-7f0a903bb000 ---p 00010000 103:02 394365                    /usr/lib/jvm/java-11-openjdk-amd64/lib/jli/libjli.so
7f0a903bb000-7f0a903bc000 r--p 00010000 103:02 394365                    /usr/lib/jvm/java-11-openjdk-amd64/lib/jli/libjli.so
7f0a903bc000-7f0a903bd000 rw-p 00011000 103:02 394365                    /usr/lib/jvm/java-11-openjdk-amd64/lib/jli/libjli.so
7f0a903bd000-7f0a903bf000 r--p 00000000 103:02 1732060                   /usr/lib/x86_64-linux-gnu/libz.so.1.2.11
7f0a903bf000-7f0a903d0000 r-xp 00002000 103:02 1732060                   /usr/lib/x86_64-linux-gnu/libz.so.1.2.11
7f0a903d0000-7f0a903d6000 r--p 00013000 103:02 1732060                   /usr/lib/x86_64-linux-gnu/libz.so.1.2.11
7f0a903d6000-7f0a903d7000 ---p 00019000 103:02 1732060                   /usr/lib/x86_64-linux-gnu/libz.so.1.2.11
7f0a903d7000-7f0a903d8000 r--p 00019000 103:02 1732060                   /usr/lib/x86_64-linux-gnu/libz.so.1.2.11
7f0a903d8000-7f0a903d9000 rw-p 0001a000 103:02 1732060                   /usr/lib/x86_64-linux-gnu/libz.so.1.2.11
7f0a903de000-7f0a903df000 ---p 00000000 00:00 0 
7f0a903df000-7f0a903e0000 r--p 00000000 00:00 0 
7f0a903e0000-7f0a903e2000 r--p 00000000 103:02 394383                    /usr/lib/jvm/java-11-openjdk-amd64/lib/libjimage.so
7f0a903e2000-7f0a903e5000 r-xp 00002000 103:02 394383                    /usr/lib/jvm/java-11-openjdk-amd64/lib/libjimage.so
7f0a903e5000-7f0a903e6000 r--p 00005000 103:02 394383                    /usr/lib/jvm/java-11-openjdk-amd64/lib/libjimage.so
7f0a903e6000-7f0a903e7000 ---p 00006000 103:02 394383                    /usr/lib/jvm/java-11-openjdk-amd64/lib/libjimage.so
7f0a903e7000-7f0a903e8000 r--p 00006000 103:02 394383                    /usr/lib/jvm/java-11-openjdk-amd64/lib/libjimage.so
7f0a903e8000-7f0a903e9000 rw-p 00007000 103:02 394383                    /usr/lib/jvm/java-11-openjdk-amd64/lib/libjimage.so
7f0a903e9000-7f0a903eb000 rw-p 00000000 00:00 0 
7f0a903eb000-7f0a903ed000 r--p 00000000 103:02 1704215                   /usr/lib/x86_64-linux-gnu/ld-linux-x86-64.so.2
7f0a903ed000-7f0a90417000 r-xp 00002000 103:02 1704215                   /usr/lib/x86_64-linux-gnu/ld-linux-x86-64.so.2
7f0a90417000-7f0a90422000 r--p 0002c000 103:02 1704215                   /usr/lib/x86_64-linux-gnu/ld-linux-x86-64.so.2
7f0a90423000-7f0a90425000 r--p 00037000 103:02 1704215                   /usr/lib/x86_64-linux-gnu/ld-linux-x86-64.so.2
7f0a90425000-7f0a90427000 rw-p 00039000 103:02 1704215                   /usr/lib/x86_64-linux-gnu/ld-linux-x86-64.so.2
7ffe973f6000-7ffe97418000 rw-p 00000000 00:00 0                          [stack]
7ffe97577000-7ffe9757b000 r--p 00000000 00:00 0                          [vvar]
7ffe9757b000-7ffe9757d000 r-xp 00000000 00:00 0                          [vdso]
ffffffffff600000-ffffffffff601000 --xp 00000000 00:00 0                  [vsyscall]


VM Arguments:
jvm_args: -agentlib:jdwp=transport=dt_socket,address=127.0.0.1:37371,suspend=y,server=n -ea -Didea.test.cyclic.buffer.size=1048576 -javaagent:/snap/intellij-idea-community/467/plugins/java/lib/rt/debugger-agent.jar --patch-module=edu.fiuba.algo3=/home/criss/AlgoIIIFiuba/TP2-Grupal/algo3_proyecto_base_tp2/target/test-classes --add-reads=edu.fiuba.algo3=ALL-UNNAMED --add-opens=edu.fiuba.algo3/TestIntegracion=ALL-UNNAMED --add-modules=edu.fiuba.algo3 -Dfile.encoding=UTF-8 --module-path=/home/criss/.m2/repository/org/openjfx/javafx-controls/15.0.1/javafx-controls-15.0.1-linux.jar:/home/criss/AlgoIIIFiuba/TP2-Grupal/algo3_proyecto_base_tp2/target/classes:/home/criss/.m2/repository/org/openjfx/javafx-graphics/15.0.1/javafx-graphics-15.0.1-linux.jar:/home/criss/.m2/repository/org/openjfx/javafx-base/15.0.1/javafx-base-15.0.1-linux.jar 
java_command: com.intellij.rt.junit.JUnitStarter -ideVersion5 -junit4 TestIntegracion.TestIntegracion,DosGladiadoresJueganTodosLosTurnosSeQuiereJugarUnaVezMasEntraEnError
java_class_path (initial): /snap/intellij-idea-community/467/lib/idea_rt.jar:/snap/intellij-idea-community/467/plugins/junit/lib/junit5-rt.jar:/snap/intellij-idea-community/467/plugins/junit/lib/junit-rt.jar:/home/criss/AlgoIIIFiuba/TP2-Grupal/algo3_proyecto_base_tp2/target/test-classes:/home/criss/.m2/repository/org/openjfx/javafx-controls/15.0.1/javafx-controls-15.0.1.jar:/home/criss/.m2/repository/org/openjfx/javafx-graphics/15.0.1/javafx-graphics-15.0.1.jar:/home/criss/.m2/repository/org/openjfx/javafx-base/15.0.1/javafx-base-15.0.1.jar:/home/criss/.m2/repository/org/junit/jupiter/junit-jupiter/5.4.0/junit-jupiter-5.4.0.jar:/home/criss/.m2/repository/org/junit/jupiter/junit-jupiter-api/5.4.0/junit-jupiter-api-5.4.0.jar:/home/criss/.m2/repository/org/apiguardian/apiguardian-api/1.0.0/apiguardian-api-1.0.0.jar:/home/criss/.m2/repository/org/opentest4j/opentest4j/1.1.1/opentest4j-1.1.1.jar:/home/criss/.m2/repository/org/junit/platform/junit-platform-commons/1.4.0/junit-platform-commons-1.4.0.jar:/home/criss/.m2/repository/org/junit/jupiter/junit-jupiter-params/5.4.0/junit-jupiter-params-5.4.0.jar:/home/criss/.m2/repository/org/junit/jupiter/junit-jupiter-engine/5.4.0/junit-jupiter-engine-5.4.0.jar:/home/criss/.m2/repository/org/junit/platform/junit-platform-engine/1.4.0/junit-platform-engine-1.4.0.jar:/home/criss/.m2/repository/org/mockito/mockito-core/3.3.0/mockito-core-3.3.0.jar:/home/criss/.m2/repository/net/bytebuddy/byte-buddy/1.10.5/byte-buddy-1.10.5.jar:/home/criss/.m2/repository/net/bytebuddy/byte-buddy-agent/1.10.5/byte-buddy-agent-1.10.5.jar:/home/criss/.m2/repository/org/objenesis/objenesis/2.6/objenesis-2.6.jar:/home/criss/.m2/repository/com/tngtech/archunit/archunit/0.21.0/archunit-0.21.0.jar:/home/criss/.m2/repository/org/slf4j/slf4j-api/1.7.30/slf4j-api-1.7.30.jar:/home/criss/.m2/repository/org/slf4j/slf4j-simple/1.7.30/slf4j-simple-1.7.30.jar:/home/criss/.m2/repository/junit/junit/4.12/junit-4.12.jar:/home/criss/.m2/repository/org/hamcrest/hamcres
Launcher Type: SUN_STANDARD

[Global flags]
     intx CICompilerCount                          = 12                                        {product} {ergonomic}
     uint ConcGCThreads                            = 3                                         {product} {ergonomic}
     uint G1ConcRefinementThreads                  = 13                                        {product} {ergonomic}
   size_t G1HeapRegionSize                         = 1048576                                   {product} {ergonomic}
    uintx GCDrainStackTargetSize                   = 64                                        {product} {ergonomic}
   size_t InitialHeapSize                          = 260046848                                 {product} {ergonomic}
   size_t MarkStackSize                            = 4194304                                   {product} {ergonomic}
   size_t MaxHeapSize                              = 4137680896                                {product} {ergonomic}
   size_t MaxNewSize                               = 2481979392                                {product} {ergonomic}
   size_t MinHeapDeltaBytes                        = 1048576                                   {product} {ergonomic}
    uintx NonNMethodCodeHeapSize                   = 7594288                                {pd product} {ergonomic}
    uintx NonProfiledCodeHeapSize                  = 122031976                              {pd product} {ergonomic}
    uintx ProfiledCodeHeapSize                     = 122031976                              {pd product} {ergonomic}
    uintx ReservedCodeCacheSize                    = 251658240                              {pd product} {ergonomic}
     bool SegmentedCodeCache                       = true                                      {product} {ergonomic}
     bool UseCompressedClassPointers               = true                                 {lp64_product} {ergonomic}
     bool UseCompressedOops                        = true                                 {lp64_product} {ergonomic}
     bool UseG1GC                                  = true                                      {product} {ergonomic}

Logging:
Log output configuration:
 #0: stdout all=warning uptime,level,tags
 #1: stderr all=off uptime,level,tags

Environment Variables:
PATH=/usr/local/sbin:/usr/local/bin:/usr/sbin:/usr/bin:/sbin:/bin:/usr/games:/usr/local/games:/snap/bin:/snap/bin
USERNAME=criss
SHELL=/bin/bash
DISPLAY=:0
LANG=es_AR.UTF-8

Signal Handlers:
SIGSEGV: [libjvm.so+0xeac9a0], sa_mask[0]=11111111011111111101111111111110, sa_flags=SA_RESTART|SA_SIGINFO
SIGBUS: [libjvm.so+0xeac9a0], sa_mask[0]=11111111011111111101111111111110, sa_flags=SA_RESTART|SA_SIGINFO
SIGFPE: [libjvm.so+0xeac9a0], sa_mask[0]=11111111011111111101111111111110, sa_flags=SA_RESTART|SA_SIGINFO
SIGPIPE: [libjvm.so+0xbef0c0], sa_mask[0]=11111111011111111101111111111110, sa_flags=SA_RESTART|SA_SIGINFO
SIGXFSZ: [libjvm.so+0xbef0c0], sa_mask[0]=11111111011111111101111111111110, sa_flags=SA_RESTART|SA_SIGINFO
SIGILL: [libjvm.so+0xeac9a0], sa_mask[0]=11111111011111111101111111111110, sa_flags=SA_RESTART|SA_SIGINFO
SIGUSR2: [libjvm.so+0xbeef60], sa_mask[0]=00100000000000000000000000000000, sa_flags=SA_RESTART|SA_SIGINFO
SIGHUP: [libjvm.so+0xbef700], sa_mask[0]=11111111011111111101111111111110, sa_flags=SA_RESTART|SA_SIGINFO
SIGINT: [libjvm.so+0xbef700], sa_mask[0]=11111111011111111101111111111110, sa_flags=SA_RESTART|SA_SIGINFO
SIGTERM: [libjvm.so+0xbef700], sa_mask[0]=11111111011111111101111111111110, sa_flags=SA_RESTART|SA_SIGINFO
SIGQUIT: [libjvm.so+0xbef700], sa_mask[0]=11111111011111111101111111111110, sa_flags=SA_RESTART|SA_SIGINFO


---------------  S Y S T E M  ---------------

OS:DISTRIB_ID=Ubuntu
DISTRIB_RELEASE=22.04
DISTRIB_CODENAME=jammy
DISTRIB_DESCRIPTION="Ubuntu 22.04.3 LTS"
uname:Linux 6.2.0-36-generic #37~22.04.1-Ubuntu SMP PREEMPT_DYNAMIC Mon Oct  9 15:34:04 UTC 2 x86_64
OS uptime: 1 days 6:40 hours
libc:glibc 2.35 NPTL 2.35 
rlimit (soft/hard): STACK 8192k/infinity , CORE 0k/infinity , NPROC 62820/62820 , NOFILE 1048576/1048576 , AS infinity/infinity , CPU infinity/infinity , DATA infinity/infinity , FSIZE infinity/infinity , MEMLOCK 2019776k/2019776k
load average:0,13 0,22 0,30

/proc/meminfo:
MemTotal:       16158224 kB
MemFree:         3529528 kB
MemAvailable:    9312792 kB
Buffers:          184188 kB
Cached:          6332008 kB
SwapCached:            0 kB
Active:          2023608 kB
Inactive:        9359880 kB
Active(anon):       2916 kB
Inactive(anon):  5517060 kB
Active(file):    2020692 kB
Inactive(file):  3842820 kB
Unevictable:      497312 kB
Mlocked:              32 kB
SwapTotal:      31999996 kB
SwapFree:       31999996 kB
Zswap:                 0 kB
Zswapped:              0 kB
Dirty:              7648 kB
Writeback:             0 kB
AnonPages:       5364784 kB
Mapped:          1326748 kB
Shmem:            652680 kB
KReclaimable:     265412 kB
Slab:             466764 kB
SReclaimable:     265412 kB
SUnreclaim:       201352 kB
KernelStack:       23480 kB
PageTables:        53560 kB
SecPageTables:         0 kB
NFS_Unstable:          0 kB
Bounce:                0 kB
WritebackTmp:          0 kB
CommitLimit:    40079108 kB
Committed_AS:   16716792 kB
VmallocTotal:   34359738367 kB
VmallocUsed:       67068 kB
VmallocChunk:          0 kB
Percpu:            13504 kB
HardwareCorrupted:     0 kB
AnonHugePages:         0 kB
ShmemHugePages:   444416 kB
ShmemPmdMapped:        0 kB
FileHugePages:         0 kB
FilePmdMapped:         0 kB
HugePages_Total:       0
HugePages_Free:        0
HugePages_Rsvd:        0
HugePages_Surp:        0
Hugepagesize:       2048 kB
Hugetlb:               0 kB
DirectMap4k:      274064 kB
DirectMap2M:     6858752 kB
DirectMap1G:    10485760 kB

/sys/kernel/mm/transparent_hugepage/enabled:
always [madvise] never
/sys/kernel/mm/transparent_hugepage/defrag (defrag/compaction efforts parameter):
always defer defer+madvise [madvise] never

Process Memory:
Virtual Size: 7401008K (peak: 7460568K)
Resident Set Size: 69676K (peak: 69676K) (anon: 49260K, file: 20416K, shmem: 0K)
Swapped out: 0K
C-Heap outstanding allocations: 38597K, retained: 11266K
glibc malloc tunables: (default)

/proc/sys/kernel/threads-max (system-wide limit on the number of threads):
125641
/proc/sys/vm/max_map_count (maximum number of memory map areas a process may have):
65530
/proc/sys/kernel/pid_max (system-wide limit on number of process identifiers):
4194304

container (cgroup) information:
container_type: cgroupv2
cpu_cpuset_cpus: not supported
cpu_memory_nodes: not supported
active_processor_count: 16
cpu_quota: not supported
cpu_period: not supported
cpu_shares: not supported
memory_limit_in_bytes: unlimited
memory_and_swap_limit_in_bytes: unlimited
memory_soft_limit_in_bytes: unlimited
memory_usage_in_bytes: 3891520 k
memory_max_usage_in_bytes: not supported
memory_swap_current_in_bytes: unlimited
memory_swap_max_limit_in_bytes: unlimited
maximum number of tasks: 18846
current number of tasks: 272

Steal ticks since vm start: 0
Steal ticks percentage since vm start:  0,000

CPU:total 16 (initial active 16) (8 cores per cpu, 2 threads per core) family 6 model 167 stepping 1 microcode 0x5d, cmov, cx8, fxsr, mmx, sse, sse2, sse3, ssse3, sse4.1, sse4.2, popcnt, avx, avx2, aes, clmul, erms, 3dnowpref, lzcnt, ht, tsc, tscinvbit, bmi1, bmi2, adx, evex, sha, fma
CPU Model and flags from /proc/cpuinfo:
model name	: 11th Gen Intel(R) Core(TM) i7-11700 @ 2.50GHz
flags		: fpu vme de pse tsc msr pae mce cx8 apic sep mtrr pge mca cmov pat pse36 clflush dts acpi mmx fxsr sse sse2 ss ht tm pbe syscall nx pdpe1gb rdtscp lm constant_tsc art arch_perfmon pebs bts rep_good nopl xtopology nonstop_tsc cpuid aperfmperf tsc_known_freq pni pclmulqdq dtes64 monitor ds_cpl vmx smx est tm2 ssse3 sdbg fma cx16 xtpr pdcm pcid sse4_1 sse4_2 x2apic movbe popcnt tsc_deadline_timer aes xsave avx f16c rdrand lahf_lm abm 3dnowprefetch cpuid_fault invpcid_single ssbd ibrs ibpb stibp ibrs_enhanced tpr_shadow vnmi flexpriority ept vpid ept_ad fsgsbase tsc_adjust bmi1 avx2 smep bmi2 erms invpcid mpx avx512f avx512dq rdseed adx smap avx512ifma clflushopt intel_pt avx512cd sha_ni avx512bw avx512vl xsaveopt xsavec xgetbv1 xsaves dtherm ida arat pln pts hwp hwp_notify hwp_act_window hwp_epp hwp_pkg_req avx512vbmi umip pku ospke avx512_vbmi2 gfni vaes vpclmulqdq avx512_vnni avx512_bitalg avx512_vpopcntdq rdpid fsrm md_clear flush_l1d arch_capabilities
Online cpus:
0-15
Offline cpus:

BIOS frequency limitation:
<Not Available>
Frequency switch latency (ns):
0
Available cpu frequencies:
<Not Available>
Current governor:
powersave
Core performance/turbo boost:
<Not Available>

Memory: 4k page, physical 16158224k(3529528k free), swap 31999996k(31999996k free)

vm_info: OpenJDK 64-Bit Server VM (11.0.20.1+1-post-Ubuntu-0ubuntu122.04) for linux-amd64 JRE (11.0.20.1+1-post-Ubuntu-0ubuntu122.04), built on Aug 24 2023 23:14:05 by "unknown" with gcc 11.4.0

END.
